2026-03-14 01:13:57 INFO  com.tutorialsninja.base.BaseClass - Launching browser
2026-03-14 01:13:57 INFO  com.tutorialsninja.base.BaseClass - Launching browser
2026-03-14 01:14:05 INFO  com.tutorialsninja.base.BaseClass - TC001_validLogin()  started
2026-03-14 01:14:05 INFO  com.tutorialsninja.base.BaseClass - Clicked on My Account drop-down and clicked on login option
2026-03-14 01:14:06 INFO  com.tutorialsninja.base.BaseClass - TC001_registerNewAccount() Started
2026-03-14 01:14:16 INFO  com.tutorialsninja.base.BaseClass - User name and Password entered and clicked on login button
2026-03-14 01:14:22 ERROR com.tutorialsninja.base.BaseClass - Test Failed invalid session id
Build info: version: '4.41.0', revision: '9fc754f'
System info: os.name: 'Windows 10', os.arch: 'amd64', os.version: '10.0', java.version: '17.0.17'
Driver info: org.openqa.selenium.chrome.ChromeDriver
Command: [118e53aad61528b3b0468c52a0387b03, findElement {using=xpath, value=//div[@id='content']//h2[text()='My Account']}]
Capabilities {acceptInsecureCerts: false, browserName: chrome, browserVersion: 146.0.7680.71, chrome: {chromedriverVersion: 146.0.7680.76 (2a4a5f9f74e5..., userDataDir: C:\Users\Admin\AppData\Loca...}, fedcm:accounts: true, goog:chromeOptions: {debuggerAddress: localhost:49196}, goog:processID: 9684, networkConnectionEnabled: false, pageLoadStrategy: normal, platformName: windows, proxy: Proxy(), se:cdp: ws://localhost:49196/devtoo..., se:cdpVersion: 146.0.7680.71, setWindowRect: true, strictFileInteractability: false, timeouts: {implicit: 0, pageLoad: 300000, script: 30000}, unhandledPromptBehavior: dismiss and notify, webauthn:extension:credBlob: true, webauthn:extension:largeBlob: true, webauthn:extension:minPinLength: true, webauthn:extension:prf: true, webauthn:virtualAuthenticators: true}
Session ID: 118e53aad61528b3b0468c52a0387b03
2026-03-14 01:14:22 INFO  com.tutorialsninja.base.BaseClass - Launching browser
2026-03-14 01:14:24 INFO  com.tutorialsninja.base.BaseClass - TC002_loginWithValidUserAndInvalidPassword() Started
2026-03-14 01:14:24 INFO  com.tutorialsninja.base.BaseClass - Navigate to login page
2026-03-14 01:14:25 INFO  com.tutorialsninja.base.BaseClass - Entered valid email and in valid password, clicked on login button
2026-03-14 01:14:28 INFO  com.tutorialsninja.base.BaseClass - comparing result
2026-03-14 01:14:28 INFO  com.tutorialsninja.base.BaseClass - TC002_loginWithValidUserAndInvalidPassword() Passed
2026-03-14 01:14:28 INFO  com.tutorialsninja.base.BaseClass - Launching browser
2026-03-14 01:14:30 INFO  com.tutorialsninja.base.BaseClass - TC003_loginWithInvalidUserAndValidPassword() Started
2026-03-14 01:14:33 INFO  com.tutorialsninja.base.BaseClass - Launching browser
2026-03-14 01:14:40 INFO  com.tutorialsninja.base.BaseClass - TC004_loginWithInvalidUserAndPassword()  Started
2026-03-14 01:19:06 INFO  com.tutorialsninja.base.BaseClass - Launching browser
2026-03-14 01:19:10 INFO  com.tutorialsninja.base.BaseClass - TC001_validLogin()  started
2026-03-14 01:19:10 INFO  com.tutorialsninja.base.BaseClass - Clicked on My Account drop-down and clicked on login option
2026-03-14 01:19:11 INFO  com.tutorialsninja.base.BaseClass - User name and Password entered and clicked on login button
2026-03-14 01:19:12 INFO  com.tutorialsninja.base.BaseClass - Validation actual and expected result
2026-03-14 01:19:12 INFO  com.tutorialsninja.base.BaseClass - TC001_validLogin()  Passed
2026-03-14 01:19:13 INFO  com.tutorialsninja.base.BaseClass - Launching browser
2026-03-14 01:19:18 INFO  com.tutorialsninja.base.BaseClass - TC002_loginWithValidUserAndInvalidPassword() Started
2026-03-14 01:19:18 INFO  com.tutorialsninja.base.BaseClass - Navigate to login page
2026-03-14 01:19:19 INFO  com.tutorialsninja.base.BaseClass - Entered valid email and in valid password, clicked on login button
2026-03-14 01:19:20 INFO  com.tutorialsninja.base.BaseClass - comparing result
2026-03-14 01:19:20 INFO  com.tutorialsninja.base.BaseClass - TC002_loginWithValidUserAndInvalidPassword() Passed
2026-03-14 01:19:21 INFO  com.tutorialsninja.base.BaseClass - Launching browser
2026-03-14 01:19:23 INFO  com.tutorialsninja.base.BaseClass - TC003_loginWithInvalidUserAndValidPassword() Started
2026-03-14 01:19:26 INFO  com.tutorialsninja.base.BaseClass - Launching browser
2026-03-14 01:19:30 INFO  com.tutorialsninja.base.BaseClass - TC004_loginWithInvalidUserAndPassword()  Started
2026-03-14 01:19:32 INFO  com.tutorialsninja.base.BaseClass - Launching browser
2026-03-14 01:19:35 INFO  com.tutorialsninja.base.BaseClass - TC005_verifyLoginPageTitle()  Started
2026-03-14 01:19:37 INFO  com.tutorialsninja.base.BaseClass - Launching browser
2026-03-14 01:19:40 INFO  com.tutorialsninja.base.BaseClass - TC006_verifyLoginPageUrl() Started
2026-03-14 01:19:42 INFO  com.tutorialsninja.base.BaseClass - Launching browser
2026-03-14 01:19:45 INFO  com.tutorialsninja.base.BaseClass - TC001_registerNewAccount() Started
2026-03-14 01:19:48 INFO  com.tutorialsninja.base.BaseClass - Launching browser
2026-03-14 01:19:51 INFO  com.tutorialsninja.base.BaseClass - TC002_registerWithoutEmail() Started
2026-03-14 01:19:54 INFO  com.tutorialsninja.base.BaseClass - Launching browser
2026-03-14 01:19:56 INFO  com.tutorialsninja.base.BaseClass - TC003_registerWithExistingEmail() Started
2026-03-14 14:33:33 INFO  com.tutorialsninja.base.BaseClass - Launching browser
2026-03-14 14:33:42 INFO  com.tutorialsninja.base.BaseClass - TC001_validLogin()  started
2026-03-14 14:33:43 INFO  com.tutorialsninja.base.BaseClass - Clicked on My Account drop-down and clicked on login option
2026-03-14 14:33:43 INFO  com.tutorialsninja.base.BaseClass - User name and Password entered and clicked on login button
2026-03-14 14:33:45 INFO  com.tutorialsninja.base.BaseClass - Validation actual and expected result
2026-03-14 14:33:45 INFO  com.tutorialsninja.base.BaseClass - TC001_validLogin()  Passed
2026-03-14 14:33:56 INFO  com.tutorialsninja.base.BaseClass - Launching browser
2026-03-14 14:34:00 INFO  com.tutorialsninja.base.BaseClass - TC001_validLogin()  started
2026-03-14 14:34:00 INFO  com.tutorialsninja.base.BaseClass - Clicked on My Account drop-down and clicked on login option
2026-03-14 14:34:01 INFO  com.tutorialsninja.base.BaseClass - User name and Password entered and clicked on login button
2026-03-14 14:34:03 INFO  com.tutorialsninja.base.BaseClass - Validation actual and expected result
2026-03-14 14:34:03 INFO  com.tutorialsninja.base.BaseClass - TC001_validLogin()  Passed
2026-03-14 14:50:24 INFO  com.tutorialsninja.base.BaseClass - Launching browser
2026-03-14 14:50:24 INFO  com.tutorialsninja.base.BaseClass - Browser selected: chrome
2026-03-14 14:50:28 INFO  com.tutorialsninja.base.BaseClass - Chrome Browser Launched
2026-03-14 14:50:29 INFO  com.tutorialsninja.base.BaseClass - Application Launched: https://tutorialsninja.com/demo/
2026-03-14 14:50:29 INFO  com.tutorialsninja.base.BaseClass - TC001_validLogin()  started
2026-03-14 14:50:29 INFO  com.tutorialsninja.base.BaseClass - Clicked on My Account drop-down and clicked on login option
2026-03-14 14:50:30 INFO  com.tutorialsninja.base.BaseClass - User name and Password entered and clicked on login button
2026-03-14 14:50:32 INFO  com.tutorialsninja.base.BaseClass - Validation actual and expected result
2026-03-14 14:50:32 INFO  com.tutorialsninja.base.BaseClass - TC001_validLogin()  Passed
2026-03-14 14:50:32 INFO  com.tutorialsninja.base.BaseClass - TC002_loginWithValidUserAndInvalidPassword() Started
2026-03-14 14:50:32 INFO  com.tutorialsninja.base.BaseClass - Navigate to login page
2026-03-14 14:50:42 INFO  com.tutorialsninja.base.BaseClass - Entered valid email and in valid password, clicked on login button
2026-03-14 14:51:53 INFO  com.tutorialsninja.base.BaseClass - TC003_loginWithInvalidUserAndValidPassword() Started
2026-03-14 14:53:13 INFO  com.tutorialsninja.base.BaseClass - TC004_loginWithInvalidUserAndPassword()  Started
2026-03-14 14:54:34 INFO  com.tutorialsninja.base.BaseClass - TC005_verifyLoginPageTitle()  Started
2026-03-14 14:55:34 INFO  com.tutorialsninja.base.BaseClass - TC006_verifyLoginPageUrl() Started
2026-03-14 14:56:35 INFO  com.tutorialsninja.base.BaseClass - browser Closed
2026-03-14 14:56:35 INFO  com.tutorialsninja.base.BaseClass - Browser selected: chrome
2026-03-14 14:56:37 INFO  com.tutorialsninja.base.BaseClass - Chrome Browser Launched
2026-03-14 14:56:38 INFO  com.tutorialsninja.base.BaseClass - Application Launched: https://tutorialsninja.com/demo/
2026-03-14 14:56:38 INFO  com.tutorialsninja.base.BaseClass - TC001_registerNewAccount() Started
2026-03-14 14:56:41 INFO  com.tutorialsninja.base.BaseClass - Browser selected: chrome
2026-03-14 14:56:43 INFO  com.tutorialsninja.base.BaseClass - Chrome Browser Launched
2026-03-14 14:56:44 INFO  com.tutorialsninja.base.BaseClass - Application Launched: https://tutorialsninja.com/demo/
2026-03-14 14:56:44 INFO  com.tutorialsninja.base.BaseClass - TC002_registerWithoutEmail() Started
2026-03-14 14:56:47 INFO  com.tutorialsninja.base.BaseClass - Browser selected: chrome
2026-03-14 14:56:48 INFO  com.tutorialsninja.base.BaseClass - Chrome Browser Launched
2026-03-14 14:56:50 INFO  com.tutorialsninja.base.BaseClass - Application Launched: https://tutorialsninja.com/demo/
2026-03-14 14:56:50 INFO  com.tutorialsninja.base.BaseClass - TC003_registerWithExistingEmail() Started
2026-03-14 14:56:56 INFO  com.tutorialsninja.base.BaseClass - browser Closed
2026-03-14 14:57:45 INFO  com.tutorialsninja.base.BaseClass - Launching browser
2026-03-14 14:57:45 INFO  com.tutorialsninja.base.BaseClass - Browser selected: chrome
2026-03-14 14:57:48 INFO  com.tutorialsninja.base.BaseClass - Chrome Browser Launched
2026-03-14 14:57:49 INFO  com.tutorialsninja.base.BaseClass - Application Launched: https://tutorialsninja.com/demo/
2026-03-14 14:57:49 INFO  com.tutorialsninja.base.BaseClass - TC001_registerNewAccount() Started
2026-03-14 14:57:53 INFO  com.tutorialsninja.base.BaseClass - TC002_registerWithoutEmail() Started
2026-03-14 14:59:48 INFO  com.tutorialsninja.base.BaseClass - TC003_registerWithExistingEmail() Started
2026-03-14 14:59:49 INFO  com.tutorialsninja.base.BaseClass - browser Closed
2026-03-14 15:00:26 INFO  com.tutorialsninja.base.BaseClass - Launching browser
2026-03-14 15:00:26 INFO  com.tutorialsninja.base.BaseClass - Browser selected: chrome
2026-03-14 15:00:29 INFO  com.tutorialsninja.base.BaseClass - Chrome Browser Launched
2026-03-14 15:00:31 INFO  com.tutorialsninja.base.BaseClass - Application Launched: https://tutorialsninja.com/demo/
2026-03-14 15:00:31 INFO  com.tutorialsninja.base.BaseClass - TC001_validLogin()  started
2026-03-14 15:00:31 INFO  com.tutorialsninja.base.BaseClass - Clicked on My Account drop-down and clicked on login option
2026-03-14 15:00:31 INFO  com.tutorialsninja.base.BaseClass - User name and Password entered and clicked on login button
2026-03-14 15:00:34 INFO  com.tutorialsninja.base.BaseClass - Validation actual and expected result
2026-03-14 15:00:34 INFO  com.tutorialsninja.base.BaseClass - TC001_validLogin()  Passed
2026-03-14 15:00:34 INFO  com.tutorialsninja.base.BaseClass - browser Closed
2026-03-14 15:00:34 INFO  com.tutorialsninja.base.BaseClass - Launching browser
2026-03-14 15:00:34 INFO  com.tutorialsninja.base.BaseClass - Browser selected: chrome
2026-03-14 15:00:35 INFO  com.tutorialsninja.base.BaseClass - Chrome Browser Launched
2026-03-14 15:00:40 INFO  com.tutorialsninja.base.BaseClass - Application Launched: https://tutorialsninja.com/demo/
2026-03-14 15:00:40 INFO  com.tutorialsninja.base.BaseClass - TC002_loginWithValidUserAndInvalidPassword() Started
2026-03-14 15:00:40 INFO  com.tutorialsninja.base.BaseClass - Navigate to login page
2026-03-14 15:00:41 INFO  com.tutorialsninja.base.BaseClass - Entered valid email and in valid password, clicked on login button
2026-03-14 15:00:45 INFO  com.tutorialsninja.base.BaseClass - comparing result
2026-03-14 15:00:45 INFO  com.tutorialsninja.base.BaseClass - TC002_loginWithValidUserAndInvalidPassword() Passed
2026-03-14 15:00:45 INFO  com.tutorialsninja.base.BaseClass - browser Closed
2026-03-14 15:00:45 INFO  com.tutorialsninja.base.BaseClass - Launching browser
2026-03-14 15:00:45 INFO  com.tutorialsninja.base.BaseClass - Browser selected: chrome
2026-03-14 15:00:47 INFO  com.tutorialsninja.base.BaseClass - Chrome Browser Launched
2026-03-14 15:00:48 INFO  com.tutorialsninja.base.BaseClass - Application Launched: https://tutorialsninja.com/demo/
2026-03-14 15:00:48 INFO  com.tutorialsninja.base.BaseClass - TC003_loginWithInvalidUserAndValidPassword() Started
2026-03-14 15:00:50 INFO  com.tutorialsninja.base.BaseClass - browser Closed
2026-03-14 15:00:50 INFO  com.tutorialsninja.base.BaseClass - Launching browser
2026-03-14 15:00:50 INFO  com.tutorialsninja.base.BaseClass - Browser selected: chrome
2026-03-14 15:00:52 INFO  com.tutorialsninja.base.BaseClass - Chrome Browser Launched
2026-03-14 15:00:52 INFO  com.tutorialsninja.base.BaseClass - Application Launched: https://tutorialsninja.com/demo/
2026-03-14 15:00:52 INFO  com.tutorialsninja.base.BaseClass - TC004_loginWithInvalidUserAndPassword()  Started
2026-03-14 15:00:55 INFO  com.tutorialsninja.base.BaseClass - browser Closed
2026-03-14 15:00:55 INFO  com.tutorialsninja.base.BaseClass - Launching browser
2026-03-14 15:00:55 INFO  com.tutorialsninja.base.BaseClass - Browser selected: chrome
2026-03-14 15:00:56 INFO  com.tutorialsninja.base.BaseClass - Chrome Browser Launched
2026-03-14 15:00:57 INFO  com.tutorialsninja.base.BaseClass - Application Launched: https://tutorialsninja.com/demo/
2026-03-14 15:00:57 INFO  com.tutorialsninja.base.BaseClass - TC005_verifyLoginPageTitle()  Started
2026-03-14 15:01:00 INFO  com.tutorialsninja.base.BaseClass - browser Closed
2026-03-14 15:01:00 INFO  com.tutorialsninja.base.BaseClass - Launching browser
2026-03-14 15:01:00 INFO  com.tutorialsninja.base.BaseClass - Browser selected: chrome
2026-03-14 15:01:01 INFO  com.tutorialsninja.base.BaseClass - Chrome Browser Launched
2026-03-14 15:01:02 INFO  com.tutorialsninja.base.BaseClass - Application Launched: https://tutorialsninja.com/demo/
2026-03-14 15:01:02 INFO  com.tutorialsninja.base.BaseClass - TC006_verifyLoginPageUrl() Started
2026-03-14 15:01:05 INFO  com.tutorialsninja.base.BaseClass - browser Closed
2026-03-14 15:01:05 INFO  com.tutorialsninja.base.BaseClass - Launching browser
2026-03-14 15:01:05 INFO  com.tutorialsninja.base.BaseClass - Browser selected: chrome
2026-03-14 15:01:07 INFO  com.tutorialsninja.base.BaseClass - Chrome Browser Launched
2026-03-14 15:01:08 INFO  com.tutorialsninja.base.BaseClass - Application Launched: https://tutorialsninja.com/demo/
2026-03-14 15:01:08 INFO  com.tutorialsninja.base.BaseClass - TC001_registerNewAccount() Started
2026-03-14 15:01:11 INFO  com.tutorialsninja.base.BaseClass - browser Closed
2026-03-14 15:01:11 INFO  com.tutorialsninja.base.BaseClass - Launching browser
2026-03-14 15:01:11 INFO  com.tutorialsninja.base.BaseClass - Browser selected: chrome
2026-03-14 15:01:13 INFO  com.tutorialsninja.base.BaseClass - Chrome Browser Launched
2026-03-14 15:01:14 INFO  com.tutorialsninja.base.BaseClass - Application Launched: https://tutorialsninja.com/demo/
2026-03-14 15:01:14 INFO  com.tutorialsninja.base.BaseClass - TC002_registerWithoutEmail() Started
2026-03-14 15:01:17 INFO  com.tutorialsninja.base.BaseClass - browser Closed
2026-03-14 15:01:17 INFO  com.tutorialsninja.base.BaseClass - Launching browser
2026-03-14 15:01:17 INFO  com.tutorialsninja.base.BaseClass - Browser selected: chrome
2026-03-14 15:01:18 INFO  com.tutorialsninja.base.BaseClass - Chrome Browser Launched
2026-03-14 15:01:26 INFO  com.tutorialsninja.base.BaseClass - Application Launched: https://tutorialsninja.com/demo/
2026-03-14 15:01:26 INFO  com.tutorialsninja.base.BaseClass - TC003_registerWithExistingEmail() Started
2026-03-14 15:01:30 INFO  com.tutorialsninja.base.BaseClass - browser Closed
2026-03-16 14:40:52 INFO  com.tutorialsninja.base.BaseClass - Launching browser
2026-03-16 14:40:52 INFO  com.tutorialsninja.base.BaseClass - Browser selected: chrome
2026-03-16 14:41:00 INFO  com.tutorialsninja.base.BaseClass - Chrome Browser Launched
2026-03-16 14:41:01 INFO  com.tutorialsninja.base.BaseClass - Application Launched: https://tutorialsninja.com/demo/
2026-03-16 14:41:04 INFO  com.tutorialsninja.base.BaseClass - browser Closed
2026-03-16 14:43:38 INFO  com.tutorialsninja.base.BaseClass - Launching browser
2026-03-16 14:43:38 INFO  com.tutorialsninja.base.BaseClass - Browser selected: chrome
2026-03-16 14:43:42 INFO  com.tutorialsninja.base.BaseClass - Chrome Browser Launched
2026-03-16 14:43:43 INFO  com.tutorialsninja.base.BaseClass - Application Launched: https://tutorialsninja.com/demo/
2026-03-16 14:43:47 INFO  com.tutorialsninja.base.BaseClass - browser Closed
2026-03-16 14:46:30 INFO  com.tutorialsninja.base.BaseClass - Launching browser
2026-03-16 14:46:30 INFO  com.tutorialsninja.base.BaseClass - Browser selected: chrome
2026-03-16 14:46:33 INFO  com.tutorialsninja.base.BaseClass - Chrome Browser Launched
2026-03-16 14:46:35 INFO  com.tutorialsninja.base.BaseClass - Application Launched: https://tutorialsninja.com/demo/
2026-03-16 14:46:39 INFO  com.tutorialsninja.base.BaseClass - browser Closed
2026-03-16 14:47:00 INFO  com.tutorialsninja.base.BaseClass - Launching browser
2026-03-16 14:47:00 INFO  com.tutorialsninja.base.BaseClass - Browser selected: chrome
2026-03-16 14:47:03 INFO  com.tutorialsninja.base.BaseClass - Chrome Browser Launched
2026-03-16 14:47:05 INFO  com.tutorialsninja.base.BaseClass - Application Launched: https://tutorialsninja.com/demo/
2026-03-16 14:47:18 INFO  com.tutorialsninja.base.BaseClass - browser Closed
2026-03-16 14:57:18 INFO  com.tutorialsninja.base.BaseClass - Launching browser
2026-03-16 14:57:19 INFO  com.tutorialsninja.base.BaseClass - Browser selected: chrome
2026-03-16 14:57:22 INFO  com.tutorialsninja.base.BaseClass - Chrome Browser Launched
2026-03-16 14:57:23 INFO  com.tutorialsninja.base.BaseClass - Application Launched: https://tutorialsninja.com/demo/
2026-03-16 14:57:55 INFO  com.tutorialsninja.base.BaseClass - browser Closed
2026-03-16 14:58:29 INFO  com.tutorialsninja.base.BaseClass - Launching browser
2026-03-16 14:58:29 INFO  com.tutorialsninja.base.BaseClass - Browser selected: chrome
2026-03-16 14:58:32 INFO  com.tutorialsninja.base.BaseClass - Chrome Browser Launched
2026-03-16 14:58:34 INFO  com.tutorialsninja.base.BaseClass - Application Launched: https://tutorialsninja.com/demo/
2026-03-16 14:58:42 INFO  com.tutorialsninja.base.BaseClass - browser Closed
2026-03-16 14:59:05 INFO  com.tutorialsninja.base.BaseClass - Launching browser
2026-03-16 14:59:05 INFO  com.tutorialsninja.base.BaseClass - Browser selected: chrome
2026-03-16 14:59:08 INFO  com.tutorialsninja.base.BaseClass - Chrome Browser Launched
2026-03-16 14:59:09 INFO  com.tutorialsninja.base.BaseClass - Application Launched: https://tutorialsninja.com/demo/
2026-03-16 14:59:18 INFO  com.tutorialsninja.base.BaseClass - browser Closed
2026-03-17 17:43:15 INFO  com.tutorialsninja.base.BaseClass - Launching browser
2026-03-17 17:43:15 INFO  com.tutorialsninja.base.BaseClass - Browser selected: chrome
2026-03-17 17:43:23 INFO  com.tutorialsninja.base.BaseClass - Chrome Browser Launched
2026-03-17 17:43:25 INFO  com.tutorialsninja.base.BaseClass - Application Launched: https://tutorialsninja.com/demo/
2026-03-17 17:43:30 INFO  com.tutorialsninja.base.BaseClass - browser Closed
2026-03-17 17:43:30 INFO  com.tutorialsninja.base.BaseClass - Launching browser
2026-03-17 17:43:30 INFO  com.tutorialsninja.base.BaseClass - Browser selected: chrome
2026-03-17 17:43:32 INFO  com.tutorialsninja.base.BaseClass - Chrome Browser Launched
2026-03-17 17:43:33 INFO  com.tutorialsninja.base.BaseClass - Application Launched: https://tutorialsninja.com/demo/
2026-03-17 17:43:41 INFO  com.tutorialsninja.base.BaseClass - browser Closed
2026-03-17 17:43:41 INFO  com.tutorialsninja.base.BaseClass - Launching browser
2026-03-17 17:43:41 INFO  com.tutorialsninja.base.BaseClass - Browser selected: chrome
2026-03-17 17:43:43 INFO  com.tutorialsninja.base.BaseClass - Chrome Browser Launched
2026-03-17 17:43:44 INFO  com.tutorialsninja.base.BaseClass - Application Launched: https://tutorialsninja.com/demo/
2026-03-17 17:43:44 INFO  com.tutorialsninja.base.BaseClass - TC001_validLogin()  started
2026-03-17 17:43:44 INFO  com.tutorialsninja.base.BaseClass - Clicked on My Account drop-down and clicked on login option
2026-03-17 17:43:45 INFO  com.tutorialsninja.base.BaseClass - User name and Password entered and clicked on login button
2026-03-17 17:43:47 INFO  com.tutorialsninja.base.BaseClass - Validation actual and expected result
2026-03-17 17:43:47 INFO  com.tutorialsninja.base.BaseClass - TC001_validLogin()  Passed
2026-03-17 17:43:47 INFO  com.tutorialsninja.base.BaseClass - browser Closed
2026-03-17 17:43:47 INFO  com.tutorialsninja.base.BaseClass - Launching browser
2026-03-17 17:43:47 INFO  com.tutorialsninja.base.BaseClass - Browser selected: chrome
2026-03-17 17:43:48 INFO  com.tutorialsninja.base.BaseClass - Chrome Browser Launched
2026-03-17 17:43:50 INFO  com.tutorialsninja.base.BaseClass - Application Launched: https://tutorialsninja.com/demo/
2026-03-17 17:43:50 INFO  com.tutorialsninja.base.BaseClass - TC002_loginWithValidUserAndInvalidPassword() Started
2026-03-17 17:43:50 INFO  com.tutorialsninja.base.BaseClass - Navigate to login page
2026-03-17 17:43:51 INFO  com.tutorialsninja.base.BaseClass - Entered valid email and in valid password, clicked on login button
2026-03-17 17:43:53 INFO  com.tutorialsninja.base.BaseClass - comparing result
2026-03-17 17:43:53 INFO  com.tutorialsninja.base.BaseClass - TC002_loginWithValidUserAndInvalidPassword() Passed
2026-03-17 17:43:53 INFO  com.tutorialsninja.base.BaseClass - browser Closed
2026-03-17 17:43:53 INFO  com.tutorialsninja.base.BaseClass - Launching browser
2026-03-17 17:43:53 INFO  com.tutorialsninja.base.BaseClass - Browser selected: chrome
2026-03-17 17:43:54 INFO  com.tutorialsninja.base.BaseClass - Chrome Browser Launched
2026-03-17 17:43:55 INFO  com.tutorialsninja.base.BaseClass - Application Launched: https://tutorialsninja.com/demo/
2026-03-17 17:43:55 INFO  com.tutorialsninja.base.BaseClass - TC003_loginWithInvalidUserAndValidPassword() Started
2026-03-17 17:43:58 INFO  com.tutorialsninja.base.BaseClass - browser Closed
2026-03-17 17:43:58 INFO  com.tutorialsninja.base.BaseClass - Launching browser
2026-03-17 17:43:58 INFO  com.tutorialsninja.base.BaseClass - Browser selected: chrome
2026-03-17 17:43:59 INFO  com.tutorialsninja.base.BaseClass - Chrome Browser Launched
2026-03-17 17:44:01 INFO  com.tutorialsninja.base.BaseClass - Application Launched: https://tutorialsninja.com/demo/
2026-03-17 17:44:01 INFO  com.tutorialsninja.base.BaseClass - TC004_loginWithInvalidUserAndPassword()  Started
2026-03-17 17:44:03 INFO  com.tutorialsninja.base.BaseClass - browser Closed
2026-03-17 17:44:03 INFO  com.tutorialsninja.base.BaseClass - Launching browser
2026-03-17 17:44:03 INFO  com.tutorialsninja.base.BaseClass - Browser selected: chrome
2026-03-17 17:44:04 INFO  com.tutorialsninja.base.BaseClass - Chrome Browser Launched
2026-03-17 17:44:05 INFO  com.tutorialsninja.base.BaseClass - Application Launched: https://tutorialsninja.com/demo/
2026-03-17 17:44:05 INFO  com.tutorialsninja.base.BaseClass - TC005_verifyLoginPageTitle()  Started
2026-03-17 17:44:08 INFO  com.tutorialsninja.base.BaseClass - browser Closed
2026-03-17 17:44:08 INFO  com.tutorialsninja.base.BaseClass - Launching browser
2026-03-17 17:44:08 INFO  com.tutorialsninja.base.BaseClass - Browser selected: chrome
2026-03-17 17:44:09 INFO  com.tutorialsninja.base.BaseClass - Chrome Browser Launched
2026-03-17 17:44:10 INFO  com.tutorialsninja.base.BaseClass - Application Launched: https://tutorialsninja.com/demo/
2026-03-17 17:44:10 INFO  com.tutorialsninja.base.BaseClass - TC006_verifyLoginPageUrl() Started
2026-03-17 17:44:13 INFO  com.tutorialsninja.base.BaseClass - browser Closed
2026-03-17 17:44:13 INFO  com.tutorialsninja.base.BaseClass - Launching browser
2026-03-17 17:44:13 INFO  com.tutorialsninja.base.BaseClass - Browser selected: chrome
2026-03-17 17:44:15 INFO  com.tutorialsninja.base.BaseClass - Chrome Browser Launched
2026-03-17 17:44:15 INFO  com.tutorialsninja.base.BaseClass - Application Launched: https://tutorialsninja.com/demo/
2026-03-17 17:44:15 INFO  com.tutorialsninja.base.BaseClass - TC001_registerNewAccount() Started
2026-03-17 17:44:20 INFO  com.tutorialsninja.base.BaseClass - browser Closed
2026-03-17 17:44:20 INFO  com.tutorialsninja.base.BaseClass - Launching browser
2026-03-17 17:44:20 INFO  com.tutorialsninja.base.BaseClass - Browser selected: chrome
2026-03-17 17:44:21 INFO  com.tutorialsninja.base.BaseClass - Chrome Browser Launched
2026-03-17 17:44:22 INFO  com.tutorialsninja.base.BaseClass - Application Launched: https://tutorialsninja.com/demo/
2026-03-17 17:44:22 INFO  com.tutorialsninja.base.BaseClass - TC002_registerWithoutEmail() Started
2026-03-17 17:44:25 INFO  com.tutorialsninja.base.BaseClass - browser Closed
2026-03-17 17:44:25 INFO  com.tutorialsninja.base.BaseClass - Launching browser
2026-03-17 17:44:25 INFO  com.tutorialsninja.base.BaseClass - Browser selected: chrome
2026-03-17 17:44:26 INFO  com.tutorialsninja.base.BaseClass - Chrome Browser Launched
2026-03-17 17:44:27 INFO  com.tutorialsninja.base.BaseClass - Application Launched: https://tutorialsninja.com/demo/
2026-03-17 17:44:27 INFO  com.tutorialsninja.base.BaseClass - TC003_registerWithExistingEmail() Started
2026-03-17 17:44:31 INFO  com.tutorialsninja.base.BaseClass - browser Closed
2026-03-17 23:59:31 INFO  com.tutorialsninja.base.BaseClass - Launching browser
2026-03-17 23:59:31 INFO  com.tutorialsninja.base.BaseClass - Browser selected: chrome
2026-03-17 23:59:38 INFO  com.tutorialsninja.base.BaseClass - Chrome Browser Launched
2026-03-17 23:59:40 INFO  com.tutorialsninja.base.BaseClass - Application Launched: https://tutorialsninja.com/demo/
2026-03-17 23:59:45 INFO  com.tutorialsninja.base.BaseClass - browser Closed
2026-03-17 23:59:45 INFO  com.tutorialsninja.base.BaseClass - Launching browser
2026-03-17 23:59:45 INFO  com.tutorialsninja.base.BaseClass - Browser selected: chrome
2026-03-17 23:59:46 INFO  com.tutorialsninja.base.BaseClass - Chrome Browser Launched
2026-03-17 23:59:49 INFO  com.tutorialsninja.base.BaseClass - Application Launched: https://tutorialsninja.com/demo/
2026-03-17 23:59:56 INFO  com.tutorialsninja.base.BaseClass - browser Closed
2026-03-17 23:59:56 INFO  com.tutorialsninja.base.BaseClass - Launching browser
2026-03-17 23:59:56 INFO  com.tutorialsninja.base.BaseClass - Browser selected: chrome
2026-03-17 23:59:58 INFO  com.tutorialsninja.base.BaseClass - Chrome Browser Launched
2026-03-17 23:59:59 INFO  com.tutorialsninja.base.BaseClass - Application Launched: https://tutorialsninja.com/demo/
2026-03-17 23:59:59 INFO  com.tutorialsninja.base.BaseClass - TC001_validLogin()  started
2026-03-17 23:59:59 INFO  com.tutorialsninja.base.BaseClass - Clicked on My Account drop-down and clicked on login option
2026-03-18 00:00:00 INFO  com.tutorialsninja.base.BaseClass - User name and Password entered and clicked on login button
2026-03-18 00:00:02 INFO  com.tutorialsninja.base.BaseClass - Validation actual and expected result
2026-03-18 00:00:02 INFO  com.tutorialsninja.base.BaseClass - TC001_validLogin()  Passed
2026-03-18 00:00:02 INFO  com.tutorialsninja.base.BaseClass - browser Closed
2026-03-18 00:00:02 INFO  com.tutorialsninja.base.BaseClass - Launching browser
2026-03-18 00:00:02 INFO  com.tutorialsninja.base.BaseClass - Browser selected: chrome
2026-03-18 00:00:03 INFO  com.tutorialsninja.base.BaseClass - Chrome Browser Launched
2026-03-18 00:00:04 INFO  com.tutorialsninja.base.BaseClass - Application Launched: https://tutorialsninja.com/demo/
2026-03-18 00:00:04 INFO  com.tutorialsninja.base.BaseClass - TC002_loginWithValidUserAndInvalidPassword() Started
2026-03-18 00:00:04 INFO  com.tutorialsninja.base.BaseClass - Navigate to login page
2026-03-18 00:00:05 INFO  com.tutorialsninja.base.BaseClass - Entered valid email and in valid password, clicked on login button
2026-03-18 00:00:13 INFO  com.tutorialsninja.base.BaseClass - comparing result
2026-03-18 00:00:13 INFO  com.tutorialsninja.base.BaseClass - TC002_loginWithValidUserAndInvalidPassword() Passed
2026-03-18 00:00:13 INFO  com.tutorialsninja.base.BaseClass - browser Closed
2026-03-18 00:00:13 INFO  com.tutorialsninja.base.BaseClass - Launching browser
2026-03-18 00:00:13 INFO  com.tutorialsninja.base.BaseClass - Browser selected: chrome
2026-03-18 00:00:14 INFO  com.tutorialsninja.base.BaseClass - Chrome Browser Launched
2026-03-18 00:00:16 INFO  com.tutorialsninja.base.BaseClass - Application Launched: https://tutorialsninja.com/demo/
2026-03-18 00:00:16 INFO  com.tutorialsninja.base.BaseClass - TC003_loginWithInvalidUserAndValidPassword() Started
2026-03-18 00:00:20 INFO  com.tutorialsninja.base.BaseClass - browser Closed
2026-03-18 00:00:20 INFO  com.tutorialsninja.base.BaseClass - Launching browser
2026-03-18 00:00:20 INFO  com.tutorialsninja.base.BaseClass - Browser selected: chrome
2026-03-18 00:00:22 INFO  com.tutorialsninja.base.BaseClass - Chrome Browser Launched
2026-03-18 00:00:23 INFO  com.tutorialsninja.base.BaseClass - Application Launched: https://tutorialsninja.com/demo/
2026-03-18 00:00:23 INFO  com.tutorialsninja.base.BaseClass - TC004_loginWithInvalidUserAndPassword()  Started
2026-03-18 00:00:26 INFO  com.tutorialsninja.base.BaseClass - browser Closed
2026-03-18 00:00:26 INFO  com.tutorialsninja.base.BaseClass - Launching browser
2026-03-18 00:00:26 INFO  com.tutorialsninja.base.BaseClass - Browser selected: chrome
2026-03-18 00:00:28 INFO  com.tutorialsninja.base.BaseClass - Chrome Browser Launched
2026-03-18 00:00:29 INFO  com.tutorialsninja.base.BaseClass - Application Launched: https://tutorialsninja.com/demo/
2026-03-18 00:00:29 INFO  com.tutorialsninja.base.BaseClass - TC005_verifyLoginPageTitle()  Started
2026-03-18 00:00:32 INFO  com.tutorialsninja.base.BaseClass - browser Closed
2026-03-18 00:00:32 INFO  com.tutorialsninja.base.BaseClass - Launching browser
2026-03-18 00:00:32 INFO  com.tutorialsninja.base.BaseClass - Browser selected: chrome
2026-03-18 00:00:34 INFO  com.tutorialsninja.base.BaseClass - Chrome Browser Launched
2026-03-18 00:00:37 INFO  com.tutorialsninja.base.BaseClass - Application Launched: https://tutorialsninja.com/demo/
2026-03-18 00:00:37 INFO  com.tutorialsninja.base.BaseClass - TC006_verifyLoginPageUrl() Started
2026-03-18 00:00:39 INFO  com.tutorialsninja.base.BaseClass - browser Closed
2026-03-18 00:00:39 INFO  com.tutorialsninja.base.BaseClass - Launching browser
2026-03-18 00:00:39 INFO  com.tutorialsninja.base.BaseClass - Browser selected: chrome
2026-03-18 00:00:41 INFO  com.tutorialsninja.base.BaseClass - Chrome Browser Launched
2026-03-18 00:00:42 INFO  com.tutorialsninja.base.BaseClass - Application Launched: https://tutorialsninja.com/demo/
2026-03-18 00:00:42 INFO  com.tutorialsninja.base.BaseClass - TC001_registerNewAccount() Started
2026-03-18 00:00:46 INFO  com.tutorialsninja.base.BaseClass - browser Closed
2026-03-18 00:00:46 INFO  com.tutorialsninja.base.BaseClass - Launching browser
2026-03-18 00:00:46 INFO  com.tutorialsninja.base.BaseClass - Browser selected: chrome
2026-03-18 00:00:48 INFO  com.tutorialsninja.base.BaseClass - Chrome Browser Launched
2026-03-18 00:00:49 INFO  com.tutorialsninja.base.BaseClass - Application Launched: https://tutorialsninja.com/demo/
2026-03-18 00:00:49 INFO  com.tutorialsninja.base.BaseClass - TC002_registerWithoutEmail() Started
2026-03-18 00:00:52 INFO  com.tutorialsninja.base.BaseClass - browser Closed
2026-03-18 00:00:52 INFO  com.tutorialsninja.base.BaseClass - Launching browser
2026-03-18 00:00:52 INFO  com.tutorialsninja.base.BaseClass - Browser selected: chrome
2026-03-18 00:00:53 INFO  com.tutorialsninja.base.BaseClass - Chrome Browser Launched
2026-03-18 00:00:53 INFO  com.tutorialsninja.base.BaseClass - Application Launched: https://tutorialsninja.com/demo/
2026-03-18 00:00:53 INFO  com.tutorialsninja.base.BaseClass - TC003_registerWithExistingEmail() Started
2026-03-18 00:00:58 INFO  com.tutorialsninja.base.BaseClass - browser Closed
2026-03-18 00:11:21 INFO  com.tutorialsninja.base.BaseClass - Launching browser
2026-03-18 00:11:21 INFO  com.tutorialsninja.base.BaseClass - Browser selected: chrome
2026-03-18 00:11:25 INFO  com.tutorialsninja.base.BaseClass - Chrome Browser Launched
2026-03-18 00:11:27 INFO  com.tutorialsninja.base.BaseClass - Application Launched: https://tutorialsninja.com/demo/
2026-03-18 00:11:33 INFO  com.tutorialsninja.base.BaseClass - browser Closed
2026-03-18 00:11:33 INFO  com.tutorialsninja.base.BaseClass - Launching browser
2026-03-18 00:11:33 INFO  com.tutorialsninja.base.BaseClass - Browser selected: chrome
2026-03-18 00:11:35 INFO  com.tutorialsninja.base.BaseClass - Chrome Browser Launched
2026-03-18 00:11:36 INFO  com.tutorialsninja.base.BaseClass - Application Launched: https://tutorialsninja.com/demo/
2026-03-18 00:11:43 INFO  com.tutorialsninja.base.BaseClass - browser Closed
2026-03-18 00:11:43 INFO  com.tutorialsninja.base.BaseClass - Launching browser
2026-03-18 00:11:43 INFO  com.tutorialsninja.base.BaseClass - Browser selected: chrome
2026-03-18 00:11:45 INFO  com.tutorialsninja.base.BaseClass - Chrome Browser Launched
2026-03-18 00:11:48 INFO  com.tutorialsninja.base.BaseClass - Application Launched: https://tutorialsninja.com/demo/
2026-03-18 00:11:48 INFO  com.tutorialsninja.base.BaseClass - TC001_validLogin()  started
2026-03-18 00:11:48 INFO  com.tutorialsninja.base.BaseClass - Clicked on My Account drop-down and clicked on login option
2026-03-18 00:11:49 INFO  com.tutorialsninja.base.BaseClass - User name and Password entered and clicked on login button
2026-03-18 00:11:51 INFO  com.tutorialsninja.base.BaseClass - Validation actual and expected result
2026-03-18 00:11:51 INFO  com.tutorialsninja.base.BaseClass - TC001_validLogin()  Passed
2026-03-18 00:11:51 INFO  com.tutorialsninja.base.BaseClass - browser Closed
2026-03-18 00:11:51 INFO  com.tutorialsninja.base.BaseClass - Launching browser
2026-03-18 00:11:51 INFO  com.tutorialsninja.base.BaseClass - Browser selected: chrome
2026-03-18 00:11:53 INFO  com.tutorialsninja.base.BaseClass - Chrome Browser Launched
2026-03-18 00:11:54 INFO  com.tutorialsninja.base.BaseClass - Application Launched: https://tutorialsninja.com/demo/
2026-03-18 00:11:54 INFO  com.tutorialsninja.base.BaseClass - TC002_loginWithValidUserAndInvalidPassword() Started
2026-03-18 00:11:54 INFO  com.tutorialsninja.base.BaseClass - Navigate to login page
2026-03-18 00:11:55 INFO  com.tutorialsninja.base.BaseClass - Entered valid email and in valid password, clicked on login button
2026-03-18 00:11:56 INFO  com.tutorialsninja.base.BaseClass - comparing result
2026-03-18 00:11:56 INFO  com.tutorialsninja.base.BaseClass - TC002_loginWithValidUserAndInvalidPassword() Passed
2026-03-18 00:11:56 INFO  com.tutorialsninja.base.BaseClass - browser Closed
2026-03-18 00:11:56 INFO  com.tutorialsninja.base.BaseClass - Launching browser
2026-03-18 00:11:56 INFO  com.tutorialsninja.base.BaseClass - Browser selected: chrome
2026-03-18 00:11:58 INFO  com.tutorialsninja.base.BaseClass - Chrome Browser Launched
2026-03-18 00:12:00 INFO  com.tutorialsninja.base.BaseClass - Application Launched: https://tutorialsninja.com/demo/
2026-03-18 00:12:00 INFO  com.tutorialsninja.base.BaseClass - TC003_loginWithInvalidUserAndValidPassword() Started
2026-03-18 00:12:03 INFO  com.tutorialsninja.base.BaseClass - browser Closed
2026-03-18 00:12:03 INFO  com.tutorialsninja.base.BaseClass - Launching browser
2026-03-18 00:12:03 INFO  com.tutorialsninja.base.BaseClass - Browser selected: chrome
2026-03-18 00:12:04 INFO  com.tutorialsninja.base.BaseClass - Chrome Browser Launched
2026-03-18 00:12:06 INFO  com.tutorialsninja.base.BaseClass - Application Launched: https://tutorialsninja.com/demo/
2026-03-18 00:12:06 INFO  com.tutorialsninja.base.BaseClass - TC004_loginWithInvalidUserAndPassword()  Started
2026-03-18 00:12:09 INFO  com.tutorialsninja.base.BaseClass - browser Closed
2026-03-18 00:12:09 INFO  com.tutorialsninja.base.BaseClass - Launching browser
2026-03-18 00:12:09 INFO  com.tutorialsninja.base.BaseClass - Browser selected: chrome
2026-03-18 00:12:11 INFO  com.tutorialsninja.base.BaseClass - Chrome Browser Launched
2026-03-18 00:12:12 INFO  com.tutorialsninja.base.BaseClass - Application Launched: https://tutorialsninja.com/demo/
2026-03-18 00:12:12 INFO  com.tutorialsninja.base.BaseClass - TC005_verifyLoginPageTitle()  Started
2026-03-18 00:12:14 INFO  com.tutorialsninja.base.BaseClass - browser Closed
2026-03-18 00:12:14 INFO  com.tutorialsninja.base.BaseClass - Launching browser
2026-03-18 00:12:14 INFO  com.tutorialsninja.base.BaseClass - Browser selected: chrome
2026-03-18 00:12:16 INFO  com.tutorialsninja.base.BaseClass - Chrome Browser Launched
2026-03-18 00:12:17 INFO  com.tutorialsninja.base.BaseClass - Application Launched: https://tutorialsninja.com/demo/
2026-03-18 00:12:17 INFO  com.tutorialsninja.base.BaseClass - TC006_verifyLoginPageUrl() Started
2026-03-18 00:12:20 INFO  com.tutorialsninja.base.BaseClass - browser Closed
2026-03-18 00:12:20 INFO  com.tutorialsninja.base.BaseClass - Launching browser
2026-03-18 00:12:20 INFO  com.tutorialsninja.base.BaseClass - Browser selected: chrome
2026-03-18 00:12:22 INFO  com.tutorialsninja.base.BaseClass - Chrome Browser Launched
2026-03-18 00:12:23 INFO  com.tutorialsninja.base.BaseClass - Application Launched: https://tutorialsninja.com/demo/
2026-03-18 00:12:23 INFO  com.tutorialsninja.base.BaseClass - TC001_registerNewAccount() Started
2026-03-18 00:12:28 INFO  com.tutorialsninja.base.BaseClass - browser Closed
2026-03-18 00:12:28 INFO  com.tutorialsninja.base.BaseClass - Launching browser
2026-03-18 00:12:28 INFO  com.tutorialsninja.base.BaseClass - Browser selected: chrome
2026-03-18 00:12:29 INFO  com.tutorialsninja.base.BaseClass - Chrome Browser Launched
2026-03-18 00:12:30 INFO  com.tutorialsninja.base.BaseClass - Application Launched: https://tutorialsninja.com/demo/
2026-03-18 00:12:30 INFO  com.tutorialsninja.base.BaseClass - TC002_registerWithoutEmail() Started
2026-03-18 00:12:34 INFO  com.tutorialsninja.base.BaseClass - browser Closed
2026-03-18 00:12:34 INFO  com.tutorialsninja.base.BaseClass - Launching browser
2026-03-18 00:12:34 INFO  com.tutorialsninja.base.BaseClass - Browser selected: chrome
2026-03-18 00:12:36 INFO  com.tutorialsninja.base.BaseClass - Chrome Browser Launched
2026-03-18 00:12:37 INFO  com.tutorialsninja.base.BaseClass - Application Launched: https://tutorialsninja.com/demo/
2026-03-18 00:12:37 INFO  com.tutorialsninja.base.BaseClass - TC003_registerWithExistingEmail() Started
2026-03-18 00:12:41 INFO  com.tutorialsninja.base.BaseClass - browser Closed
2026-03-18 15:50:43 INFO  com.tutorialsninja.base.BaseClass - Launching browser
2026-03-18 15:50:43 INFO  com.tutorialsninja.base.BaseClass - Browser selected: chrome
2026-03-18 15:50:51 INFO  com.tutorialsninja.base.BaseClass - Chrome Browser Launched
2026-03-18 15:50:52 INFO  com.tutorialsninja.base.BaseClass - Application Launched: https://tutorialsninja.com/demo/
2026-03-18 15:50:58 INFO  com.tutorialsninja.base.BaseClass - browser Closed
2026-03-18 15:50:58 INFO  com.tutorialsninja.base.BaseClass - Launching browser
2026-03-18 15:50:58 INFO  com.tutorialsninja.base.BaseClass - Browser selected: chrome
2026-03-18 15:50:59 INFO  com.tutorialsninja.base.BaseClass - Chrome Browser Launched
2026-03-18 15:51:01 INFO  com.tutorialsninja.base.BaseClass - Application Launched: https://tutorialsninja.com/demo/
2026-03-18 15:51:07 INFO  com.tutorialsninja.base.BaseClass - browser Closed
2026-03-18 15:51:07 INFO  com.tutorialsninja.base.BaseClass - Launching browser
2026-03-18 15:51:07 INFO  com.tutorialsninja.base.BaseClass - Browser selected: chrome
2026-03-18 15:51:09 INFO  com.tutorialsninja.base.BaseClass - Chrome Browser Launched
2026-03-18 15:51:10 INFO  com.tutorialsninja.base.BaseClass - Application Launched: https://tutorialsninja.com/demo/
2026-03-18 15:51:10 INFO  com.tutorialsninja.base.BaseClass - TC001_validLogin()  started
2026-03-18 15:51:10 INFO  com.tutorialsninja.base.BaseClass - Clicked on My Account drop-down and clicked on login option
2026-03-18 15:51:10 INFO  com.tutorialsninja.base.BaseClass - User name and Password entered and clicked on login button
2026-03-18 15:51:12 INFO  com.tutorialsninja.base.BaseClass - Validation actual and expected result
2026-03-18 15:51:12 INFO  com.tutorialsninja.base.BaseClass - TC001_validLogin()  Passed
2026-03-18 15:51:12 INFO  com.tutorialsninja.base.BaseClass - browser Closed
2026-03-18 15:51:12 INFO  com.tutorialsninja.base.BaseClass - Launching browser
2026-03-18 15:51:12 INFO  com.tutorialsninja.base.BaseClass - Browser selected: chrome
2026-03-18 15:51:14 INFO  com.tutorialsninja.base.BaseClass - Chrome Browser Launched
2026-03-18 15:51:14 INFO  com.tutorialsninja.base.BaseClass - Application Launched: https://tutorialsninja.com/demo/
2026-03-18 15:51:14 INFO  com.tutorialsninja.base.BaseClass - TC002_loginWithValidUserAndInvalidPassword() Started
2026-03-18 15:51:14 INFO  com.tutorialsninja.base.BaseClass - Navigate to login page
2026-03-18 15:51:15 INFO  com.tutorialsninja.base.BaseClass - Entered valid email and in valid password, clicked on login button
2026-03-18 15:51:17 INFO  com.tutorialsninja.base.BaseClass - comparing result
2026-03-18 15:51:17 INFO  com.tutorialsninja.base.BaseClass - TC002_loginWithValidUserAndInvalidPassword() Passed
2026-03-18 15:51:17 INFO  com.tutorialsninja.base.BaseClass - browser Closed
2026-03-18 15:51:17 INFO  com.tutorialsninja.base.BaseClass - Launching browser
2026-03-18 15:51:17 INFO  com.tutorialsninja.base.BaseClass - Browser selected: chrome
2026-03-18 15:51:18 INFO  com.tutorialsninja.base.BaseClass - Chrome Browser Launched
2026-03-18 15:51:19 INFO  com.tutorialsninja.base.BaseClass - Application Launched: https://tutorialsninja.com/demo/
2026-03-18 15:51:19 INFO  com.tutorialsninja.base.BaseClass - TC003_loginWithInvalidUserAndValidPassword() Started
2026-03-18 15:51:22 INFO  com.tutorialsninja.base.BaseClass - browser Closed
2026-03-18 15:51:22 INFO  com.tutorialsninja.base.BaseClass - Launching browser
2026-03-18 15:51:22 INFO  com.tutorialsninja.base.BaseClass - Browser selected: chrome
2026-03-18 15:51:23 INFO  com.tutorialsninja.base.BaseClass - Chrome Browser Launched
2026-03-18 15:51:24 INFO  com.tutorialsninja.base.BaseClass - Application Launched: https://tutorialsninja.com/demo/
2026-03-18 15:51:24 INFO  com.tutorialsninja.base.BaseClass - TC004_loginWithInvalidUserAndPassword()  Started
2026-03-18 15:51:26 INFO  com.tutorialsninja.base.BaseClass - browser Closed
2026-03-18 15:51:26 INFO  com.tutorialsninja.base.BaseClass - Launching browser
2026-03-18 15:51:26 INFO  com.tutorialsninja.base.BaseClass - Browser selected: chrome
2026-03-18 15:51:28 INFO  com.tutorialsninja.base.BaseClass - Chrome Browser Launched
2026-03-18 15:51:29 INFO  com.tutorialsninja.base.BaseClass - Application Launched: https://tutorialsninja.com/demo/
2026-03-18 15:51:29 INFO  com.tutorialsninja.base.BaseClass - TC005_verifyLoginPageTitle()  Started
2026-03-18 15:51:31 INFO  com.tutorialsninja.base.BaseClass - browser Closed
2026-03-18 15:51:31 INFO  com.tutorialsninja.base.BaseClass - Launching browser
2026-03-18 15:51:31 INFO  com.tutorialsninja.base.BaseClass - Browser selected: chrome
2026-03-18 15:51:33 INFO  com.tutorialsninja.base.BaseClass - Chrome Browser Launched
2026-03-18 15:51:34 INFO  com.tutorialsninja.base.BaseClass - Application Launched: https://tutorialsninja.com/demo/
2026-03-18 15:51:34 INFO  com.tutorialsninja.base.BaseClass - TC006_verifyLoginPageUrl() Started
2026-03-18 15:51:36 INFO  com.tutorialsninja.base.BaseClass - browser Closed
2026-03-18 15:51:36 INFO  com.tutorialsninja.base.BaseClass - Launching browser
2026-03-18 15:51:36 INFO  com.tutorialsninja.base.BaseClass - Browser selected: chrome
2026-03-18 15:51:38 INFO  com.tutorialsninja.base.BaseClass - Chrome Browser Launched
2026-03-18 15:51:38 INFO  com.tutorialsninja.base.BaseClass - Application Launched: https://tutorialsninja.com/demo/
2026-03-18 15:51:38 INFO  com.tutorialsninja.base.BaseClass - TC001_registerNewAccount() Started
2026-03-18 15:51:42 INFO  com.tutorialsninja.base.BaseClass - browser Closed
2026-03-18 15:51:42 INFO  com.tutorialsninja.base.BaseClass - Launching browser
2026-03-18 15:51:42 INFO  com.tutorialsninja.base.BaseClass - Browser selected: chrome
2026-03-18 15:51:44 INFO  com.tutorialsninja.base.BaseClass - Chrome Browser Launched
2026-03-18 15:51:44 INFO  com.tutorialsninja.base.BaseClass - Application Launched: https://tutorialsninja.com/demo/
2026-03-18 15:51:44 INFO  com.tutorialsninja.base.BaseClass - TC002_registerWithoutEmail() Started
2026-03-18 15:51:48 INFO  com.tutorialsninja.base.BaseClass - browser Closed
2026-03-18 15:51:48 INFO  com.tutorialsninja.base.BaseClass - Launching browser
2026-03-18 15:51:48 INFO  com.tutorialsninja.base.BaseClass - Browser selected: chrome
2026-03-18 15:51:49 INFO  com.tutorialsninja.base.BaseClass - Chrome Browser Launched
2026-03-18 15:51:50 INFO  com.tutorialsninja.base.BaseClass - Application Launched: https://tutorialsninja.com/demo/
2026-03-18 15:51:50 INFO  com.tutorialsninja.base.BaseClass - TC003_registerWithExistingEmail() Started
2026-03-18 15:51:54 INFO  com.tutorialsninja.base.BaseClass - browser Closed
2026-03-18 21:22:00 INFO  com.tutorialsninja.base.BaseClass - Launching browser
2026-03-18 21:22:00 INFO  com.tutorialsninja.base.BaseClass - Browser selected: chrome
2026-03-18 21:22:07 INFO  com.tutorialsninja.base.BaseClass - Chrome Browser Launched
2026-03-18 21:22:08 INFO  com.tutorialsninja.base.BaseClass - Application Launched: https://tutorialsninja.com/demo/
2026-03-18 21:22:13 INFO  com.tutorialsninja.base.BaseClass - browser Closed
2026-03-18 21:22:13 INFO  com.tutorialsninja.base.BaseClass - Launching browser
2026-03-18 21:22:13 INFO  com.tutorialsninja.base.BaseClass - Browser selected: chrome
2026-03-18 21:22:15 INFO  com.tutorialsninja.base.BaseClass - Chrome Browser Launched
2026-03-18 21:22:15 INFO  com.tutorialsninja.base.BaseClass - Application Launched: https://tutorialsninja.com/demo/
2026-03-18 21:22:22 INFO  com.tutorialsninja.base.BaseClass - browser Closed
2026-03-18 21:22:22 INFO  com.tutorialsninja.base.BaseClass - Launching browser
2026-03-18 21:22:22 INFO  com.tutorialsninja.base.BaseClass - Browser selected: chrome
2026-03-18 21:22:23 INFO  com.tutorialsninja.base.BaseClass - Chrome Browser Launched
2026-03-18 21:22:24 INFO  com.tutorialsninja.base.BaseClass - Application Launched: https://tutorialsninja.com/demo/
2026-03-18 21:22:24 INFO  com.tutorialsninja.base.BaseClass - TC001_validLogin()  started
2026-03-18 21:22:24 INFO  com.tutorialsninja.base.BaseClass - Clicked on My Account drop-down and clicked on login option
2026-03-18 21:22:25 INFO  com.tutorialsninja.base.BaseClass - User name and Password entered and clicked on login button
2026-03-18 21:22:26 INFO  com.tutorialsninja.base.BaseClass - Validation actual and expected result
2026-03-18 21:22:26 INFO  com.tutorialsninja.base.BaseClass - TC001_validLogin()  Passed
2026-03-18 21:22:27 INFO  com.tutorialsninja.base.BaseClass - browser Closed
2026-03-18 21:22:27 INFO  com.tutorialsninja.base.BaseClass - Launching browser
2026-03-18 21:22:27 INFO  com.tutorialsninja.base.BaseClass - Browser selected: chrome
2026-03-18 21:22:28 INFO  com.tutorialsninja.base.BaseClass - Chrome Browser Launched
2026-03-18 21:22:29 INFO  com.tutorialsninja.base.BaseClass - Application Launched: https://tutorialsninja.com/demo/
2026-03-18 21:22:29 INFO  com.tutorialsninja.base.BaseClass - TC002_loginWithValidUserAndInvalidPassword() Started
2026-03-18 21:22:29 INFO  com.tutorialsninja.base.BaseClass - Navigate to login page
2026-03-18 21:22:30 INFO  com.tutorialsninja.base.BaseClass - Entered valid email and in valid password, clicked on login button
2026-03-18 21:22:31 INFO  com.tutorialsninja.base.BaseClass - comparing result
2026-03-18 21:22:31 INFO  com.tutorialsninja.base.BaseClass - TC002_loginWithValidUserAndInvalidPassword() Passed
2026-03-18 21:22:31 INFO  com.tutorialsninja.base.BaseClass - browser Closed
2026-03-18 21:22:31 INFO  com.tutorialsninja.base.BaseClass - Launching browser
2026-03-18 21:22:31 INFO  com.tutorialsninja.base.BaseClass - Browser selected: chrome
2026-03-18 21:22:33 INFO  com.tutorialsninja.base.BaseClass - Chrome Browser Launched
2026-03-18 21:22:34 INFO  com.tutorialsninja.base.BaseClass - Application Launched: https://tutorialsninja.com/demo/
2026-03-18 21:22:34 INFO  com.tutorialsninja.base.BaseClass - TC003_loginWithInvalidUserAndValidPassword() Started
2026-03-18 21:22:36 INFO  com.tutorialsninja.base.BaseClass - browser Closed
2026-03-18 21:22:36 INFO  com.tutorialsninja.base.BaseClass - Launching browser
2026-03-18 21:22:36 INFO  com.tutorialsninja.base.BaseClass - Browser selected: chrome
2026-03-18 21:22:38 INFO  com.tutorialsninja.base.BaseClass - Chrome Browser Launched
2026-03-18 21:22:39 INFO  com.tutorialsninja.base.BaseClass - Application Launched: https://tutorialsninja.com/demo/
2026-03-18 21:22:39 INFO  com.tutorialsninja.base.BaseClass - TC004_loginWithInvalidUserAndPassword()  Started
2026-03-18 21:22:41 INFO  com.tutorialsninja.base.BaseClass - browser Closed
2026-03-18 21:22:41 INFO  com.tutorialsninja.base.BaseClass - Launching browser
2026-03-18 21:22:41 INFO  com.tutorialsninja.base.BaseClass - Browser selected: chrome
2026-03-18 21:22:43 INFO  com.tutorialsninja.base.BaseClass - Chrome Browser Launched
2026-03-18 21:22:44 INFO  com.tutorialsninja.base.BaseClass - Application Launched: https://tutorialsninja.com/demo/
2026-03-18 21:22:44 INFO  com.tutorialsninja.base.BaseClass - TC005_verifyLoginPageTitle()  Started
2026-03-18 21:22:46 INFO  com.tutorialsninja.base.BaseClass - browser Closed
2026-03-18 21:22:46 INFO  com.tutorialsninja.base.BaseClass - Launching browser
2026-03-18 21:22:46 INFO  com.tutorialsninja.base.BaseClass - Browser selected: chrome
2026-03-18 21:22:48 INFO  com.tutorialsninja.base.BaseClass - Chrome Browser Launched
2026-03-18 21:22:49 INFO  com.tutorialsninja.base.BaseClass - Application Launched: https://tutorialsninja.com/demo/
2026-03-18 21:22:49 INFO  com.tutorialsninja.base.BaseClass - TC006_verifyLoginPageUrl() Started
2026-03-18 21:22:51 INFO  com.tutorialsninja.base.BaseClass - browser Closed
2026-03-18 21:22:51 INFO  com.tutorialsninja.base.BaseClass - Launching browser
2026-03-18 21:22:51 INFO  com.tutorialsninja.base.BaseClass - Browser selected: chrome
2026-03-18 21:22:52 INFO  com.tutorialsninja.base.BaseClass - Chrome Browser Launched
2026-03-18 21:22:53 INFO  com.tutorialsninja.base.BaseClass - Application Launched: https://tutorialsninja.com/demo/
2026-03-18 21:22:53 INFO  com.tutorialsninja.base.BaseClass - TC001_registerNewAccount() Started
2026-03-18 21:22:57 INFO  com.tutorialsninja.base.BaseClass - browser Closed
2026-03-18 21:22:57 INFO  com.tutorialsninja.base.BaseClass - Launching browser
2026-03-18 21:22:57 INFO  com.tutorialsninja.base.BaseClass - Browser selected: chrome
2026-03-18 21:22:58 INFO  com.tutorialsninja.base.BaseClass - Chrome Browser Launched
2026-03-18 21:22:59 INFO  com.tutorialsninja.base.BaseClass - Application Launched: https://tutorialsninja.com/demo/
2026-03-18 21:22:59 INFO  com.tutorialsninja.base.BaseClass - TC002_registerWithoutEmail() Started
2026-03-18 21:23:03 INFO  com.tutorialsninja.base.BaseClass - browser Closed
2026-03-18 21:23:03 INFO  com.tutorialsninja.base.BaseClass - Launching browser
2026-03-18 21:23:03 INFO  com.tutorialsninja.base.BaseClass - Browser selected: chrome
2026-03-18 21:23:04 INFO  com.tutorialsninja.base.BaseClass - Chrome Browser Launched
2026-03-18 21:23:05 INFO  com.tutorialsninja.base.BaseClass - Application Launched: https://tutorialsninja.com/demo/
2026-03-18 21:23:05 INFO  com.tutorialsninja.base.BaseClass - TC003_registerWithExistingEmail() Started
2026-03-18 21:23:08 INFO  com.tutorialsninja.base.BaseClass - browser Closed
2026-03-18 21:27:27 INFO  com.tutorialsninja.base.BaseClass - Launching browser
2026-03-18 21:27:27 INFO  com.tutorialsninja.base.BaseClass - Browser selected: chrome
2026-03-18 21:27:31 INFO  com.tutorialsninja.base.BaseClass - Chrome Browser Launched
2026-03-18 21:27:32 INFO  com.tutorialsninja.base.BaseClass - Application Launched: https://tutorialsninja.com/demo/
2026-03-18 21:27:36 INFO  com.tutorialsninja.base.BaseClass - browser Closed
2026-03-18 21:27:36 INFO  com.tutorialsninja.base.BaseClass - Launching browser
2026-03-18 21:27:36 INFO  com.tutorialsninja.base.BaseClass - Browser selected: chrome
2026-03-18 21:27:39 INFO  com.tutorialsninja.base.BaseClass - Chrome Browser Launched
2026-03-18 21:27:39 INFO  com.tutorialsninja.base.BaseClass - Application Launched: https://tutorialsninja.com/demo/
2026-03-18 21:27:46 INFO  com.tutorialsninja.base.BaseClass - browser Closed
2026-03-18 21:27:46 INFO  com.tutorialsninja.base.BaseClass - Launching browser
2026-03-18 21:27:46 INFO  com.tutorialsninja.base.BaseClass - Browser selected: chrome
2026-03-18 21:27:48 INFO  com.tutorialsninja.base.BaseClass - Chrome Browser Launched
2026-03-18 21:27:49 INFO  com.tutorialsninja.base.BaseClass - Application Launched: https://tutorialsninja.com/demo/
2026-03-18 21:27:49 INFO  com.tutorialsninja.base.BaseClass - TC001_validLogin()  started
2026-03-18 21:27:49 INFO  com.tutorialsninja.base.BaseClass - Clicked on My Account drop-down and clicked on login option
2026-03-18 21:27:50 INFO  com.tutorialsninja.base.BaseClass - User name and Password entered and clicked on login button
2026-03-18 21:27:51 INFO  com.tutorialsninja.base.BaseClass - Validation actual and expected result
2026-03-18 21:27:52 INFO  com.tutorialsninja.base.BaseClass - browser Closed
2026-03-18 21:27:52 INFO  com.tutorialsninja.base.BaseClass - Launching browser
2026-03-18 21:27:52 INFO  com.tutorialsninja.base.BaseClass - Browser selected: chrome
2026-03-18 21:27:53 INFO  com.tutorialsninja.base.BaseClass - Chrome Browser Launched
2026-03-18 21:27:54 INFO  com.tutorialsninja.base.BaseClass - Application Launched: https://tutorialsninja.com/demo/
2026-03-18 21:27:54 INFO  com.tutorialsninja.base.BaseClass - TC002_loginWithValidUserAndInvalidPassword() Started
2026-03-18 21:27:54 INFO  com.tutorialsninja.base.BaseClass - Navigate to login page
2026-03-18 21:27:55 INFO  com.tutorialsninja.base.BaseClass - Entered valid email and in valid password, clicked on login button
2026-03-18 21:27:56 INFO  com.tutorialsninja.base.BaseClass - comparing result
2026-03-18 21:27:56 INFO  com.tutorialsninja.base.BaseClass - TC002_loginWithValidUserAndInvalidPassword() Passed
2026-03-18 21:27:57 INFO  com.tutorialsninja.base.BaseClass - browser Closed
2026-03-18 21:27:57 INFO  com.tutorialsninja.base.BaseClass - Launching browser
2026-03-18 21:27:57 INFO  com.tutorialsninja.base.BaseClass - Browser selected: chrome
2026-03-18 21:27:58 INFO  com.tutorialsninja.base.BaseClass - Chrome Browser Launched
2026-03-18 21:27:59 INFO  com.tutorialsninja.base.BaseClass - Application Launched: https://tutorialsninja.com/demo/
2026-03-18 21:27:59 INFO  com.tutorialsninja.base.BaseClass - TC003_loginWithInvalidUserAndValidPassword() Started
2026-03-18 21:28:02 INFO  com.tutorialsninja.base.BaseClass - browser Closed
2026-03-18 21:28:02 INFO  com.tutorialsninja.base.BaseClass - Launching browser
2026-03-18 21:28:02 INFO  com.tutorialsninja.base.BaseClass - Browser selected: chrome
2026-03-18 21:28:03 INFO  com.tutorialsninja.base.BaseClass - Chrome Browser Launched
2026-03-18 21:28:06 INFO  com.tutorialsninja.base.BaseClass - Application Launched: https://tutorialsninja.com/demo/
2026-03-18 21:28:06 INFO  com.tutorialsninja.base.BaseClass - TC004_loginWithInvalidUserAndPassword()  Started
2026-03-18 21:28:08 INFO  com.tutorialsninja.base.BaseClass - browser Closed
2026-03-18 21:28:08 INFO  com.tutorialsninja.base.BaseClass - Launching browser
2026-03-18 21:28:08 INFO  com.tutorialsninja.base.BaseClass - Browser selected: chrome
2026-03-18 21:28:10 INFO  com.tutorialsninja.base.BaseClass - Chrome Browser Launched
2026-03-18 21:28:11 INFO  com.tutorialsninja.base.BaseClass - Application Launched: https://tutorialsninja.com/demo/
2026-03-18 21:28:11 INFO  com.tutorialsninja.base.BaseClass - TC005_verifyLoginPageTitle()  Started
2026-03-18 21:28:13 INFO  com.tutorialsninja.base.BaseClass - browser Closed
2026-03-18 21:28:13 INFO  com.tutorialsninja.base.BaseClass - Launching browser
2026-03-18 21:28:13 INFO  com.tutorialsninja.base.BaseClass - Browser selected: chrome
2026-03-18 21:28:15 INFO  com.tutorialsninja.base.BaseClass - Chrome Browser Launched
2026-03-18 21:28:17 INFO  com.tutorialsninja.base.BaseClass - Application Launched: https://tutorialsninja.com/demo/
2026-03-18 21:28:17 INFO  com.tutorialsninja.base.BaseClass - TC006_verifyLoginPageUrl() Started
2026-03-18 21:28:20 INFO  com.tutorialsninja.base.BaseClass - browser Closed
2026-03-18 21:28:20 INFO  com.tutorialsninja.base.BaseClass - Launching browser
2026-03-18 21:28:20 INFO  com.tutorialsninja.base.BaseClass - Browser selected: chrome
2026-03-18 21:28:22 INFO  com.tutorialsninja.base.BaseClass - Chrome Browser Launched
2026-03-18 21:28:23 INFO  com.tutorialsninja.base.BaseClass - Application Launched: https://tutorialsninja.com/demo/
2026-03-18 21:28:23 INFO  com.tutorialsninja.base.BaseClass - TC001_registerNewAccount() Started
2026-03-18 21:28:27 INFO  com.tutorialsninja.base.BaseClass - browser Closed
2026-03-18 21:28:27 INFO  com.tutorialsninja.base.BaseClass - Launching browser
2026-03-18 21:28:27 INFO  com.tutorialsninja.base.BaseClass - Browser selected: chrome
2026-03-18 21:28:28 INFO  com.tutorialsninja.base.BaseClass - Chrome Browser Launched
2026-03-18 21:28:29 INFO  com.tutorialsninja.base.BaseClass - Application Launched: https://tutorialsninja.com/demo/
2026-03-18 21:28:29 INFO  com.tutorialsninja.base.BaseClass - TC002_registerWithoutEmail() Started
2026-03-18 21:28:33 INFO  com.tutorialsninja.base.BaseClass - browser Closed
2026-03-18 21:28:33 INFO  com.tutorialsninja.base.BaseClass - Launching browser
2026-03-18 21:28:33 INFO  com.tutorialsninja.base.BaseClass - Browser selected: chrome
2026-03-18 21:28:34 INFO  com.tutorialsninja.base.BaseClass - Chrome Browser Launched
2026-03-18 21:28:35 INFO  com.tutorialsninja.base.BaseClass - Application Launched: https://tutorialsninja.com/demo/
2026-03-18 21:28:35 INFO  com.tutorialsninja.base.BaseClass - TC003_registerWithExistingEmail() Started
2026-03-18 21:28:39 INFO  com.tutorialsninja.base.BaseClass - browser Closed
2026-03-19 17:13:55 INFO  com.tutorialsninja.base.BaseClass - Launching browser
2026-03-19 17:13:55 INFO  com.tutorialsninja.base.BaseClass - Browser selected: chrome
2026-03-19 17:14:02 INFO  com.tutorialsninja.base.BaseClass - Chrome Browser Launched
2026-03-19 17:14:03 INFO  com.tutorialsninja.base.BaseClass - Application Launched: https://tutorialsninja.com/demo/
2026-03-19 17:14:09 INFO  com.tutorialsninja.base.BaseClass - browser Closed
2026-03-19 17:14:09 INFO  com.tutorialsninja.base.BaseClass - Launching browser
2026-03-19 17:14:09 INFO  com.tutorialsninja.base.BaseClass - Browser selected: chrome
2026-03-19 17:14:10 INFO  com.tutorialsninja.base.BaseClass - Chrome Browser Launched
2026-03-19 17:14:11 INFO  com.tutorialsninja.base.BaseClass - Application Launched: https://tutorialsninja.com/demo/
2026-03-19 17:14:18 INFO  com.tutorialsninja.base.BaseClass - browser Closed
2026-03-19 17:14:18 INFO  com.tutorialsninja.base.BaseClass - Launching browser
2026-03-19 17:14:18 INFO  com.tutorialsninja.base.BaseClass - Browser selected: chrome
2026-03-19 17:14:20 INFO  com.tutorialsninja.base.BaseClass - Chrome Browser Launched
2026-03-19 17:14:21 INFO  com.tutorialsninja.base.BaseClass - Application Launched: https://tutorialsninja.com/demo/
2026-03-19 17:14:21 INFO  com.tutorialsninja.base.BaseClass - TC001_validLogin()  started
2026-03-19 17:14:21 INFO  com.tutorialsninja.base.BaseClass - Clicked on My Account drop-down and clicked on login option
2026-03-19 17:14:22 INFO  com.tutorialsninja.base.BaseClass - User name and Password entered and clicked on login button
2026-03-19 17:14:23 INFO  com.tutorialsninja.base.BaseClass - Validation actual and expected result
2026-03-19 17:14:24 INFO  com.tutorialsninja.base.BaseClass - browser Closed
2026-03-19 17:14:24 INFO  com.tutorialsninja.base.BaseClass - Launching browser
2026-03-19 17:14:24 INFO  com.tutorialsninja.base.BaseClass - Browser selected: chrome
2026-03-19 17:14:25 INFO  com.tutorialsninja.base.BaseClass - Chrome Browser Launched
2026-03-19 17:14:26 INFO  com.tutorialsninja.base.BaseClass - Application Launched: https://tutorialsninja.com/demo/
2026-03-19 17:14:26 INFO  com.tutorialsninja.base.BaseClass - TC002_loginWithValidUserAndInvalidPassword() Started
2026-03-19 17:14:26 INFO  com.tutorialsninja.base.BaseClass - Navigate to login page
2026-03-19 17:14:27 INFO  com.tutorialsninja.base.BaseClass - Entered valid email and in valid password, clicked on login button
2026-03-19 17:14:29 INFO  com.tutorialsninja.base.BaseClass - comparing result
2026-03-19 17:14:29 INFO  com.tutorialsninja.base.BaseClass - TC002_loginWithValidUserAndInvalidPassword() Passed
2026-03-19 17:14:29 INFO  com.tutorialsninja.base.BaseClass - browser Closed
2026-03-19 17:14:29 INFO  com.tutorialsninja.base.BaseClass - Launching browser
2026-03-19 17:14:29 INFO  com.tutorialsninja.base.BaseClass - Browser selected: chrome
2026-03-19 17:14:30 INFO  com.tutorialsninja.base.BaseClass - Chrome Browser Launched
2026-03-19 17:14:31 INFO  com.tutorialsninja.base.BaseClass - Application Launched: https://tutorialsninja.com/demo/
2026-03-19 17:14:31 INFO  com.tutorialsninja.base.BaseClass - TC003_loginWithInvalidUserAndValidPassword() Started
2026-03-19 17:14:34 INFO  com.tutorialsninja.base.BaseClass - browser Closed
2026-03-19 17:14:34 INFO  com.tutorialsninja.base.BaseClass - Launching browser
2026-03-19 17:14:34 INFO  com.tutorialsninja.base.BaseClass - Browser selected: chrome
2026-03-19 17:14:35 INFO  com.tutorialsninja.base.BaseClass - Chrome Browser Launched
2026-03-19 17:14:36 INFO  com.tutorialsninja.base.BaseClass - Application Launched: https://tutorialsninja.com/demo/
2026-03-19 17:14:36 INFO  com.tutorialsninja.base.BaseClass - TC004_loginWithInvalidUserAndPassword()  Started
2026-03-19 17:14:39 INFO  com.tutorialsninja.base.BaseClass - browser Closed
2026-03-19 17:14:39 INFO  com.tutorialsninja.base.BaseClass - Launching browser
2026-03-19 17:14:39 INFO  com.tutorialsninja.base.BaseClass - Browser selected: chrome
2026-03-19 17:14:41 INFO  com.tutorialsninja.base.BaseClass - Chrome Browser Launched
2026-03-19 17:14:42 INFO  com.tutorialsninja.base.BaseClass - Application Launched: https://tutorialsninja.com/demo/
2026-03-19 17:14:42 INFO  com.tutorialsninja.base.BaseClass - TC005_verifyLoginPageTitle()  Started
2026-03-19 17:14:44 INFO  com.tutorialsninja.base.BaseClass - browser Closed
2026-03-19 17:14:44 INFO  com.tutorialsninja.base.BaseClass - Launching browser
2026-03-19 17:14:44 INFO  com.tutorialsninja.base.BaseClass - Browser selected: chrome
2026-03-19 17:14:46 INFO  com.tutorialsninja.base.BaseClass - Chrome Browser Launched
2026-03-19 17:14:47 INFO  com.tutorialsninja.base.BaseClass - Application Launched: https://tutorialsninja.com/demo/
2026-03-19 17:14:47 INFO  com.tutorialsninja.base.BaseClass - TC006_verifyLoginPageUrl() Started
2026-03-19 17:14:49 INFO  com.tutorialsninja.base.BaseClass - browser Closed
2026-03-19 17:14:49 INFO  com.tutorialsninja.base.BaseClass - Launching browser
2026-03-19 17:14:49 INFO  com.tutorialsninja.base.BaseClass - Browser selected: chrome
2026-03-19 17:14:51 INFO  com.tutorialsninja.base.BaseClass - Chrome Browser Launched
2026-03-19 17:14:53 INFO  com.tutorialsninja.base.BaseClass - Application Launched: https://tutorialsninja.com/demo/
2026-03-19 17:14:53 INFO  com.tutorialsninja.base.BaseClass - TC001_registerNewAccount() Started
2026-03-19 17:14:56 INFO  com.tutorialsninja.base.BaseClass - browser Closed
2026-03-19 17:14:56 INFO  com.tutorialsninja.base.BaseClass - Launching browser
2026-03-19 17:14:56 INFO  com.tutorialsninja.base.BaseClass - Browser selected: chrome
2026-03-19 17:14:58 INFO  com.tutorialsninja.base.BaseClass - Chrome Browser Launched
2026-03-19 17:14:59 INFO  com.tutorialsninja.base.BaseClass - Application Launched: https://tutorialsninja.com/demo/
2026-03-19 17:14:59 INFO  com.tutorialsninja.base.BaseClass - TC002_registerWithoutEmail() Started
2026-03-19 17:15:03 INFO  com.tutorialsninja.base.BaseClass - browser Closed
2026-03-19 17:15:03 INFO  com.tutorialsninja.base.BaseClass - Launching browser
2026-03-19 17:15:03 INFO  com.tutorialsninja.base.BaseClass - Browser selected: chrome
2026-03-19 17:15:04 INFO  com.tutorialsninja.base.BaseClass - Chrome Browser Launched
2026-03-19 17:15:07 INFO  com.tutorialsninja.base.BaseClass - Application Launched: https://tutorialsninja.com/demo/
2026-03-19 17:15:07 INFO  com.tutorialsninja.base.BaseClass - TC003_registerWithExistingEmail() Started
2026-03-19 17:15:11 INFO  com.tutorialsninja.base.BaseClass - browser Closed
2026-03-19 17:19:32 INFO  com.tutorialsninja.base.BaseClass - Launching browser
2026-03-19 17:19:32 INFO  com.tutorialsninja.base.BaseClass - Browser selected: chrome
2026-03-19 17:19:36 INFO  com.tutorialsninja.base.BaseClass - Chrome Browser Launched
2026-03-19 17:19:37 INFO  com.tutorialsninja.base.BaseClass - Application Launched: https://tutorialsninja.com/demo/
2026-03-19 17:19:43 INFO  com.tutorialsninja.base.BaseClass - browser Closed
2026-03-19 17:19:43 INFO  com.tutorialsninja.base.BaseClass - Launching browser
2026-03-19 17:19:43 INFO  com.tutorialsninja.base.BaseClass - Browser selected: chrome
2026-03-19 17:19:44 INFO  com.tutorialsninja.base.BaseClass - Chrome Browser Launched
2026-03-19 17:19:45 INFO  com.tutorialsninja.base.BaseClass - Application Launched: https://tutorialsninja.com/demo/
2026-03-19 17:19:52 INFO  com.tutorialsninja.base.BaseClass - browser Closed
2026-03-19 17:19:52 INFO  com.tutorialsninja.base.BaseClass - Launching browser
2026-03-19 17:19:52 INFO  com.tutorialsninja.base.BaseClass - Browser selected: chrome
2026-03-19 17:19:53 INFO  com.tutorialsninja.base.BaseClass - Chrome Browser Launched
2026-03-19 17:19:54 INFO  com.tutorialsninja.base.BaseClass - Application Launched: https://tutorialsninja.com/demo/
2026-03-19 17:19:54 INFO  com.tutorialsninja.base.BaseClass - TC001_validLogin()  started
2026-03-19 17:19:54 INFO  com.tutorialsninja.base.BaseClass - Clicked on My Account drop-down and clicked on login option
2026-03-19 17:19:55 INFO  com.tutorialsninja.base.BaseClass - User name and Password entered and clicked on login button
2026-03-19 17:19:57 INFO  com.tutorialsninja.base.BaseClass - Validation actual and expected result
2026-03-19 17:19:57 INFO  com.tutorialsninja.base.BaseClass - browser Closed
2026-03-19 17:19:57 INFO  com.tutorialsninja.base.BaseClass - Launching browser
2026-03-19 17:19:57 INFO  com.tutorialsninja.base.BaseClass - Browser selected: chrome
2026-03-19 17:19:59 INFO  com.tutorialsninja.base.BaseClass - Chrome Browser Launched
2026-03-19 17:20:00 INFO  com.tutorialsninja.base.BaseClass - Application Launched: https://tutorialsninja.com/demo/
2026-03-19 17:20:00 INFO  com.tutorialsninja.base.BaseClass - TC002_loginWithValidUserAndInvalidPassword() Started
2026-03-19 17:20:00 INFO  com.tutorialsninja.base.BaseClass - Navigate to login page
2026-03-19 17:20:01 INFO  com.tutorialsninja.base.BaseClass - Entered valid email and in valid password, clicked on login button
2026-03-19 17:20:03 INFO  com.tutorialsninja.base.BaseClass - comparing result
2026-03-19 17:20:03 INFO  com.tutorialsninja.base.BaseClass - TC002_loginWithValidUserAndInvalidPassword() Passed
2026-03-19 17:20:03 INFO  com.tutorialsninja.base.BaseClass - browser Closed
2026-03-19 17:20:03 INFO  com.tutorialsninja.base.BaseClass - Launching browser
2026-03-19 17:20:03 INFO  com.tutorialsninja.base.BaseClass - Browser selected: chrome
2026-03-19 17:20:05 INFO  com.tutorialsninja.base.BaseClass - Chrome Browser Launched
2026-03-19 17:20:07 INFO  com.tutorialsninja.base.BaseClass - Application Launched: https://tutorialsninja.com/demo/
2026-03-19 17:20:07 INFO  com.tutorialsninja.base.BaseClass - TC003_loginWithInvalidUserAndValidPassword() Started
2026-03-19 17:20:14 INFO  com.tutorialsninja.base.BaseClass - browser Closed
2026-03-19 17:20:14 INFO  com.tutorialsninja.base.BaseClass - Launching browser
2026-03-19 17:20:14 INFO  com.tutorialsninja.base.BaseClass - Browser selected: chrome
2026-03-19 17:20:16 INFO  com.tutorialsninja.base.BaseClass - Chrome Browser Launched
2026-03-19 17:20:17 INFO  com.tutorialsninja.base.BaseClass - Application Launched: https://tutorialsninja.com/demo/
2026-03-19 17:20:17 INFO  com.tutorialsninja.base.BaseClass - TC004_loginWithInvalidUserAndPassword()  Started
2026-03-19 17:20:20 INFO  com.tutorialsninja.base.BaseClass - browser Closed
2026-03-19 17:20:20 INFO  com.tutorialsninja.base.BaseClass - Launching browser
2026-03-19 17:20:20 INFO  com.tutorialsninja.base.BaseClass - Browser selected: chrome
2026-03-19 17:20:22 INFO  com.tutorialsninja.base.BaseClass - Chrome Browser Launched
2026-03-19 17:20:24 INFO  com.tutorialsninja.base.BaseClass - Application Launched: https://tutorialsninja.com/demo/
2026-03-19 17:20:24 INFO  com.tutorialsninja.base.BaseClass - TC005_verifyLoginPageTitle()  Started
2026-03-19 17:20:28 INFO  com.tutorialsninja.base.BaseClass - browser Closed
2026-03-19 17:20:28 INFO  com.tutorialsninja.base.BaseClass - Launching browser
2026-03-19 17:20:28 INFO  com.tutorialsninja.base.BaseClass - Browser selected: chrome
2026-03-19 17:20:29 INFO  com.tutorialsninja.base.BaseClass - Chrome Browser Launched
2026-03-19 17:20:31 INFO  com.tutorialsninja.base.BaseClass - Application Launched: https://tutorialsninja.com/demo/
2026-03-19 17:20:31 INFO  com.tutorialsninja.base.BaseClass - TC006_verifyLoginPageUrl() Started
2026-03-19 17:20:33 INFO  com.tutorialsninja.base.BaseClass - browser Closed
2026-03-19 17:20:33 INFO  com.tutorialsninja.base.BaseClass - Launching browser
2026-03-19 17:20:33 INFO  com.tutorialsninja.base.BaseClass - Browser selected: chrome
2026-03-19 17:20:35 INFO  com.tutorialsninja.base.BaseClass - Chrome Browser Launched
2026-03-19 17:20:36 INFO  com.tutorialsninja.base.BaseClass - Application Launched: https://tutorialsninja.com/demo/
2026-03-19 17:20:36 INFO  com.tutorialsninja.base.BaseClass - TC001_registerNewAccount() Started
2026-03-19 17:20:40 INFO  com.tutorialsninja.base.BaseClass - browser Closed
2026-03-19 17:20:40 INFO  com.tutorialsninja.base.BaseClass - Launching browser
2026-03-19 17:20:40 INFO  com.tutorialsninja.base.BaseClass - Browser selected: chrome
2026-03-19 17:20:41 INFO  com.tutorialsninja.base.BaseClass - Chrome Browser Launched
2026-03-19 17:20:49 INFO  com.tutorialsninja.base.BaseClass - Application Launched: https://tutorialsninja.com/demo/
2026-03-19 17:20:49 INFO  com.tutorialsninja.base.BaseClass - TC002_registerWithoutEmail() Started
2026-03-19 17:20:53 INFO  com.tutorialsninja.base.BaseClass - browser Closed
2026-03-19 17:20:53 INFO  com.tutorialsninja.base.BaseClass - Launching browser
2026-03-19 17:20:53 INFO  com.tutorialsninja.base.BaseClass - Browser selected: chrome
2026-03-19 17:20:54 INFO  com.tutorialsninja.base.BaseClass - Chrome Browser Launched
2026-03-19 17:20:56 INFO  com.tutorialsninja.base.BaseClass - Application Launched: https://tutorialsninja.com/demo/
2026-03-19 17:20:56 INFO  com.tutorialsninja.base.BaseClass - TC003_registerWithExistingEmail() Started
2026-03-19 17:20:59 INFO  com.tutorialsninja.base.BaseClass - browser Closed
2026-03-19 17:45:57 INFO  com.tutorialsninja.base.BaseClass - Launching browser
2026-03-19 17:45:57 INFO  com.tutorialsninja.base.BaseClass - Browser selected: chrome
2026-03-19 17:46:01 INFO  com.tutorialsninja.base.BaseClass - Chrome Browser Launched
2026-03-19 17:46:03 INFO  com.tutorialsninja.base.BaseClass - Application Launched: https://tutorialsninja.com/demo/
2026-03-19 17:46:08 INFO  com.tutorialsninja.base.BaseClass - browser Closed
2026-03-19 17:46:08 INFO  com.tutorialsninja.base.BaseClass - Launching browser
2026-03-19 17:46:08 INFO  com.tutorialsninja.base.BaseClass - Browser selected: chrome
2026-03-19 17:46:09 INFO  com.tutorialsninja.base.BaseClass - Chrome Browser Launched
2026-03-19 17:46:09 INFO  com.tutorialsninja.base.BaseClass - Application Launched: https://tutorialsninja.com/demo/
2026-03-19 17:46:16 INFO  com.tutorialsninja.base.BaseClass - browser Closed
2026-03-19 17:46:16 INFO  com.tutorialsninja.base.BaseClass - Launching browser
2026-03-19 17:46:16 INFO  com.tutorialsninja.base.BaseClass - Browser selected: chrome
2026-03-19 17:46:18 INFO  com.tutorialsninja.base.BaseClass - Chrome Browser Launched
2026-03-19 17:46:18 INFO  com.tutorialsninja.base.BaseClass - Application Launched: https://tutorialsninja.com/demo/
2026-03-19 17:46:18 INFO  com.tutorialsninja.base.BaseClass - TC001_validLogin()  started
2026-03-19 17:46:18 INFO  com.tutorialsninja.base.BaseClass - Clicked on My Account drop-down and clicked on login option
2026-03-19 17:46:19 INFO  com.tutorialsninja.base.BaseClass - User name and Password entered and clicked on login button
2026-03-19 17:46:21 INFO  com.tutorialsninja.base.BaseClass - Validation actual and expected result
2026-03-19 17:46:22 INFO  com.tutorialsninja.base.BaseClass - browser Closed
2026-03-19 17:46:22 INFO  com.tutorialsninja.base.BaseClass - Launching browser
2026-03-19 17:46:22 INFO  com.tutorialsninja.base.BaseClass - Browser selected: chrome
2026-03-19 17:46:23 INFO  com.tutorialsninja.base.BaseClass - Chrome Browser Launched
2026-03-19 17:46:24 INFO  com.tutorialsninja.base.BaseClass - Application Launched: https://tutorialsninja.com/demo/
2026-03-19 17:46:24 INFO  com.tutorialsninja.base.BaseClass - TC002_loginWithValidUserAndInvalidPassword() Started
2026-03-19 17:46:24 INFO  com.tutorialsninja.base.BaseClass - Navigate to login page
2026-03-19 17:46:25 INFO  com.tutorialsninja.base.BaseClass - Entered valid email and in valid password, clicked on login button
2026-03-19 17:46:26 INFO  com.tutorialsninja.base.BaseClass - comparing result
2026-03-19 17:46:26 INFO  com.tutorialsninja.base.BaseClass - TC002_loginWithValidUserAndInvalidPassword() Passed
2026-03-19 17:46:26 INFO  com.tutorialsninja.base.BaseClass - browser Closed
2026-03-19 17:46:26 INFO  com.tutorialsninja.base.BaseClass - Launching browser
2026-03-19 17:46:26 INFO  com.tutorialsninja.base.BaseClass - Browser selected: chrome
2026-03-19 17:46:28 INFO  com.tutorialsninja.base.BaseClass - Chrome Browser Launched
2026-03-19 17:46:29 INFO  com.tutorialsninja.base.BaseClass - Application Launched: https://tutorialsninja.com/demo/
2026-03-19 17:46:29 INFO  com.tutorialsninja.base.BaseClass - TC003_loginWithInvalidUserAndValidPassword() Started
2026-03-19 17:46:31 INFO  com.tutorialsninja.base.BaseClass - browser Closed
2026-03-19 17:46:31 INFO  com.tutorialsninja.base.BaseClass - Launching browser
2026-03-19 17:46:31 INFO  com.tutorialsninja.base.BaseClass - Browser selected: chrome
2026-03-19 17:46:33 INFO  com.tutorialsninja.base.BaseClass - Chrome Browser Launched
2026-03-19 17:46:33 INFO  com.tutorialsninja.base.BaseClass - Application Launched: https://tutorialsninja.com/demo/
2026-03-19 17:46:33 INFO  com.tutorialsninja.base.BaseClass - TC004_loginWithInvalidUserAndPassword()  Started
2026-03-19 17:46:36 INFO  com.tutorialsninja.base.BaseClass - browser Closed
2026-03-19 17:46:36 INFO  com.tutorialsninja.base.BaseClass - Launching browser
2026-03-19 17:46:36 INFO  com.tutorialsninja.base.BaseClass - Browser selected: chrome
2026-03-19 17:46:37 INFO  com.tutorialsninja.base.BaseClass - Chrome Browser Launched
2026-03-19 17:46:37 INFO  com.tutorialsninja.base.BaseClass - Application Launched: https://tutorialsninja.com/demo/
2026-03-19 17:46:37 INFO  com.tutorialsninja.base.BaseClass - TC005_verifyLoginPageTitle()  Started
2026-03-19 17:46:40 INFO  com.tutorialsninja.base.BaseClass - browser Closed
2026-03-19 17:46:40 INFO  com.tutorialsninja.base.BaseClass - Launching browser
2026-03-19 17:46:40 INFO  com.tutorialsninja.base.BaseClass - Browser selected: chrome
2026-03-19 17:46:42 INFO  com.tutorialsninja.base.BaseClass - Chrome Browser Launched
2026-03-19 17:46:43 INFO  com.tutorialsninja.base.BaseClass - Application Launched: https://tutorialsninja.com/demo/
2026-03-19 17:46:43 INFO  com.tutorialsninja.base.BaseClass - TC006_verifyLoginPageUrl() Started
2026-03-19 17:46:45 INFO  com.tutorialsninja.base.BaseClass - browser Closed
2026-03-19 17:46:45 INFO  com.tutorialsninja.base.BaseClass - Launching browser
2026-03-19 17:46:45 INFO  com.tutorialsninja.base.BaseClass - Browser selected: chrome
2026-03-19 17:46:46 INFO  com.tutorialsninja.base.BaseClass - Chrome Browser Launched
2026-03-19 17:46:47 INFO  com.tutorialsninja.base.BaseClass - Application Launched: https://tutorialsninja.com/demo/
2026-03-19 17:46:47 INFO  com.tutorialsninja.base.BaseClass - TC001_registerNewAccount() Started
2026-03-19 17:46:51 INFO  com.tutorialsninja.base.BaseClass - browser Closed
2026-03-19 17:46:51 INFO  com.tutorialsninja.base.BaseClass - Launching browser
2026-03-19 17:46:51 INFO  com.tutorialsninja.base.BaseClass - Browser selected: chrome
2026-03-19 17:46:52 INFO  com.tutorialsninja.base.BaseClass - Chrome Browser Launched
2026-03-19 17:46:52 INFO  com.tutorialsninja.base.BaseClass - Application Launched: https://tutorialsninja.com/demo/
2026-03-19 17:46:53 INFO  com.tutorialsninja.base.BaseClass - TC002_registerWithoutEmail() Started
2026-03-19 17:46:56 INFO  com.tutorialsninja.base.BaseClass - browser Closed
2026-03-19 17:46:56 INFO  com.tutorialsninja.base.BaseClass - Launching browser
2026-03-19 17:46:56 INFO  com.tutorialsninja.base.BaseClass - Browser selected: chrome
2026-03-19 17:46:58 INFO  com.tutorialsninja.base.BaseClass - Chrome Browser Launched
2026-03-19 17:46:59 INFO  com.tutorialsninja.base.BaseClass - Application Launched: https://tutorialsninja.com/demo/
2026-03-19 17:46:59 INFO  com.tutorialsninja.base.BaseClass - TC003_registerWithExistingEmail() Started
2026-03-19 17:47:02 INFO  com.tutorialsninja.base.BaseClass - browser Closed
2026-03-19 17:54:26 INFO  com.tutorialsninja.base.BaseClass - Launching browser
2026-03-19 17:54:26 INFO  com.tutorialsninja.base.BaseClass - Browser selected: chrome
2026-03-19 17:54:31 INFO  com.tutorialsninja.base.BaseClass - Chrome Browser Launched
2026-03-19 17:54:32 INFO  com.tutorialsninja.base.BaseClass - Application Launched: https://tutorialsninja.com/demo/
2026-03-19 17:54:38 INFO  com.tutorialsninja.base.BaseClass - browser Closed
2026-03-19 17:54:38 INFO  com.tutorialsninja.base.BaseClass - Launching browser
2026-03-19 17:54:38 INFO  com.tutorialsninja.base.BaseClass - Browser selected: chrome
2026-03-19 17:54:40 INFO  com.tutorialsninja.base.BaseClass - Chrome Browser Launched
2026-03-19 17:54:40 INFO  com.tutorialsninja.base.BaseClass - Application Launched: https://tutorialsninja.com/demo/
2026-03-19 17:54:49 INFO  com.tutorialsninja.base.BaseClass - browser Closed
2026-03-19 17:54:49 INFO  com.tutorialsninja.base.BaseClass - Launching browser
2026-03-19 17:54:49 INFO  com.tutorialsninja.base.BaseClass - Browser selected: chrome
2026-03-19 17:54:50 INFO  com.tutorialsninja.base.BaseClass - Chrome Browser Launched
2026-03-19 17:54:51 INFO  com.tutorialsninja.base.BaseClass - Application Launched: https://tutorialsninja.com/demo/
2026-03-19 17:54:51 INFO  com.tutorialsninja.base.BaseClass - TC001_validLogin()  started
2026-03-19 17:54:51 INFO  com.tutorialsninja.base.BaseClass - Clicked on My Account drop-down and clicked on login option
2026-03-19 17:54:52 INFO  com.tutorialsninja.base.BaseClass - User name and Password entered and clicked on login button
2026-03-19 17:54:55 INFO  com.tutorialsninja.base.BaseClass - browser Closed
2026-03-19 17:54:55 INFO  com.tutorialsninja.base.BaseClass - Launching browser
2026-03-19 17:54:55 INFO  com.tutorialsninja.base.BaseClass - Browser selected: chrome
2026-03-19 17:54:57 INFO  com.tutorialsninja.base.BaseClass - Chrome Browser Launched
2026-03-19 17:54:58 INFO  com.tutorialsninja.base.BaseClass - Application Launched: https://tutorialsninja.com/demo/
2026-03-19 17:54:58 INFO  com.tutorialsninja.base.BaseClass - TC002_loginWithValidUserAndInvalidPassword() Started
2026-03-19 17:54:58 INFO  com.tutorialsninja.base.BaseClass - Navigate to login page
2026-03-19 17:54:59 INFO  com.tutorialsninja.base.BaseClass - Entered valid email and in valid password, clicked on login button
2026-03-19 17:55:01 INFO  com.tutorialsninja.base.BaseClass - comparing result
2026-03-19 17:55:01 INFO  com.tutorialsninja.base.BaseClass - TC002_loginWithValidUserAndInvalidPassword() Passed
2026-03-19 17:55:01 INFO  com.tutorialsninja.base.BaseClass - browser Closed
2026-03-19 17:55:01 INFO  com.tutorialsninja.base.BaseClass - Launching browser
2026-03-19 17:55:01 INFO  com.tutorialsninja.base.BaseClass - Browser selected: chrome
2026-03-19 17:55:03 INFO  com.tutorialsninja.base.BaseClass - Chrome Browser Launched
2026-03-19 17:55:07 INFO  com.tutorialsninja.base.BaseClass - Application Launched: https://tutorialsninja.com/demo/
2026-03-19 17:55:07 INFO  com.tutorialsninja.base.BaseClass - TC003_loginWithInvalidUserAndValidPassword() Started
2026-03-19 17:55:11 INFO  com.tutorialsninja.base.BaseClass - browser Closed
2026-03-19 17:55:11 INFO  com.tutorialsninja.base.BaseClass - Launching browser
2026-03-19 17:55:11 INFO  com.tutorialsninja.base.BaseClass - Browser selected: chrome
2026-03-19 17:55:13 INFO  com.tutorialsninja.base.BaseClass - Chrome Browser Launched
2026-03-19 17:55:14 INFO  com.tutorialsninja.base.BaseClass - Application Launched: https://tutorialsninja.com/demo/
2026-03-19 17:55:14 INFO  com.tutorialsninja.base.BaseClass - TC004_loginWithInvalidUserAndPassword()  Started
2026-03-19 17:55:18 INFO  com.tutorialsninja.base.BaseClass - browser Closed
2026-03-19 17:55:18 INFO  com.tutorialsninja.base.BaseClass - Launching browser
2026-03-19 17:55:18 INFO  com.tutorialsninja.base.BaseClass - Browser selected: chrome
2026-03-19 17:55:19 INFO  com.tutorialsninja.base.BaseClass - Chrome Browser Launched
2026-03-19 17:55:21 INFO  com.tutorialsninja.base.BaseClass - Application Launched: https://tutorialsninja.com/demo/
2026-03-19 17:55:21 INFO  com.tutorialsninja.base.BaseClass - TC005_verifyLoginPageTitle()  Started
2026-03-19 17:55:24 INFO  com.tutorialsninja.base.BaseClass - browser Closed
2026-03-19 17:55:24 INFO  com.tutorialsninja.base.BaseClass - Launching browser
2026-03-19 17:55:24 INFO  com.tutorialsninja.base.BaseClass - Browser selected: chrome
2026-03-19 17:55:25 INFO  com.tutorialsninja.base.BaseClass - Chrome Browser Launched
2026-03-19 17:55:27 INFO  com.tutorialsninja.base.BaseClass - Application Launched: https://tutorialsninja.com/demo/
2026-03-19 17:55:27 INFO  com.tutorialsninja.base.BaseClass - TC006_verifyLoginPageUrl() Started
2026-03-19 17:55:30 INFO  com.tutorialsninja.base.BaseClass - browser Closed
2026-03-19 17:55:30 INFO  com.tutorialsninja.base.BaseClass - Launching browser
2026-03-19 17:55:30 INFO  com.tutorialsninja.base.BaseClass - Browser selected: chrome
2026-03-19 17:55:32 INFO  com.tutorialsninja.base.BaseClass - Chrome Browser Launched
2026-03-19 17:55:34 INFO  com.tutorialsninja.base.BaseClass - Application Launched: https://tutorialsninja.com/demo/
2026-03-19 17:55:34 INFO  com.tutorialsninja.base.BaseClass - TC001_registerNewAccount() Started
2026-03-19 17:55:38 INFO  com.tutorialsninja.base.BaseClass - browser Closed
2026-03-19 17:55:38 INFO  com.tutorialsninja.base.BaseClass - Launching browser
2026-03-19 17:55:38 INFO  com.tutorialsninja.base.BaseClass - Browser selected: chrome
2026-03-19 17:55:40 INFO  com.tutorialsninja.base.BaseClass - Chrome Browser Launched
2026-03-19 17:55:40 INFO  com.tutorialsninja.base.BaseClass - Application Launched: https://tutorialsninja.com/demo/
2026-03-19 17:55:40 INFO  com.tutorialsninja.base.BaseClass - TC002_registerWithoutEmail() Started
2026-03-19 17:55:46 INFO  com.tutorialsninja.base.BaseClass - browser Closed
2026-03-19 17:55:46 INFO  com.tutorialsninja.base.BaseClass - Launching browser
2026-03-19 17:55:46 INFO  com.tutorialsninja.base.BaseClass - Browser selected: chrome
2026-03-19 17:55:48 INFO  com.tutorialsninja.base.BaseClass - Chrome Browser Launched
2026-03-19 17:55:50 INFO  com.tutorialsninja.base.BaseClass - Application Launched: https://tutorialsninja.com/demo/
2026-03-19 17:55:50 INFO  com.tutorialsninja.base.BaseClass - TC003_registerWithExistingEmail() Started
2026-03-19 17:55:54 INFO  com.tutorialsninja.base.BaseClass - browser Closed
